This is pdfTeX, Version 3.141592653-2.6-1.40.26 (TeX Live 2024) (preloaded format=pdflatex 2025.2.27)  6 MAR 2025 13:24
entering extended mode
 \write18 enabled.
 file:line:error style messages enabled.
 %&-line parsing enabled.
**/Users/raphael/Documents/Master_ASSEL/M2/PROJET/RAPPORT_FINAL/GuardianOS-IEEE/main.tex
(/Users/raphael/Documents/Master_ASSEL/M2/PROJET/RAPPORT_FINAL/GuardianOS-IEEE/main.tex
LaTeX2e <2023-11-01> patch level 1
L3 programming layer <2024-02-20>
(/usr/local/texlive/2024basic/texmf-dist/tex/latex/ieeetran/IEEEtran.cls
Document Class: IEEEtran 2015/08/26 V1.8b by Michael Shell
-- See the "IEEEtran_HOWTO" manual for usage information.
-- http://www.michaelshell.org/tex/ieeetran/
\@IEEEtrantmpdimenA=\dimen140
\@IEEEtrantmpdimenB=\dimen141
\@IEEEtrantmpdimenC=\dimen142
\@IEEEtrantmpcountA=\count188
\@IEEEtrantmpcountB=\count189
\@IEEEtrantmpcountC=\count190
\@IEEEtrantmptoksA=\toks17
LaTeX Font Info:    Trying to load font information for OT1+ptm on input line 503.
(/usr/local/texlive/2024basic/texmf-dist/tex/latex/psnfss/ot1ptm.fd
File: ot1ptm.fd 2001/06/04 font definitions for OT1/ptm.
)
-- Using 8.5in x 11in (letter) paper.
-- Using PDF output.
\@IEEEnormalsizeunitybaselineskip=\dimen143
-- This is a 10 point document.
\CLASSINFOnormalsizebaselineskip=\dimen144
\CLASSINFOnormalsizeunitybaselineskip=\dimen145
\IEEEnormaljot=\dimen146
LaTeX Font Info:    Font shape `OT1/ptm/bx/n' in size <5> not available
(Font)              Font shape `OT1/ptm/b/n' tried instead on input line 1090.
LaTeX Font Info:    Font shape `OT1/ptm/bx/it' in size <5> not available
(Font)              Font shape `OT1/ptm/b/it' tried instead on input line 1090.
LaTeX Font Info:    Font shape `OT1/ptm/bx/n' in size <7> not available
(Font)              Font shape `OT1/ptm/b/n' tried instead on input line 1090.
LaTeX Font Info:    Font shape `OT1/ptm/bx/it' in size <7> not available
(Font)              Font shape `OT1/ptm/b/it' tried instead on input line 1090.
LaTeX Font Info:    Font shape `OT1/ptm/bx/n' in size <8> not available
(Font)              Font shape `OT1/ptm/b/n' tried instead on input line 1090.
LaTeX Font Info:    Font shape `OT1/ptm/bx/it' in size <8> not available
(Font)              Font shape `OT1/ptm/b/it' tried instead on input line 1090.
LaTeX Font Info:    Font shape `OT1/ptm/bx/n' in size <9> not available
(Font)              Font shape `OT1/ptm/b/n' tried instead on input line 1090.
LaTeX Font Info:    Font shape `OT1/ptm/bx/it' in size <9> not available
(Font)              Font shape `OT1/ptm/b/it' tried instead on input line 1090.
LaTeX Font Info:    Font shape `OT1/ptm/bx/n' in size <10> not available
(Font)              Font shape `OT1/ptm/b/n' tried instead on input line 1090.
LaTeX Font Info:    Font shape `OT1/ptm/bx/it' in size <10> not available
(Font)              Font shape `OT1/ptm/b/it' tried instead on input line 1090.
LaTeX Font Info:    Font shape `OT1/ptm/bx/n' in size <11> not available
(Font)              Font shape `OT1/ptm/b/n' tried instead on input line 1090.
LaTeX Font Info:    Font shape `OT1/ptm/bx/it' in size <11> not available
(Font)              Font shape `OT1/ptm/b/it' tried instead on input line 1090.
LaTeX Font Info:    Font shape `OT1/ptm/bx/n' in size <12> not available
(Font)              Font shape `OT1/ptm/b/n' tried instead on input line 1090.
LaTeX Font Info:    Font shape `OT1/ptm/bx/it' in size <12> not available
(Font)              Font shape `OT1/ptm/b/it' tried instead on input line 1090.
LaTeX Font Info:    Font shape `OT1/ptm/bx/n' in size <17> not available
(Font)              Font shape `OT1/ptm/b/n' tried instead on input line 1090.
LaTeX Font Info:    Font shape `OT1/ptm/bx/it' in size <17> not available
(Font)              Font shape `OT1/ptm/b/it' tried instead on input line 1090.
LaTeX Font Info:    Font shape `OT1/ptm/bx/n' in size <20> not available
(Font)              Font shape `OT1/ptm/b/n' tried instead on input line 1090.
LaTeX Font Info:    Font shape `OT1/ptm/bx/it' in size <20> not available
(Font)              Font shape `OT1/ptm/b/it' tried instead on input line 1090.
LaTeX Font Info:    Font shape `OT1/ptm/bx/n' in size <24> not available
(Font)              Font shape `OT1/ptm/b/n' tried instead on input line 1090.
LaTeX Font Info:    Font shape `OT1/ptm/bx/it' in size <24> not available
(Font)              Font shape `OT1/ptm/b/it' tried instead on input line 1090.
\IEEEquantizedlength=\dimen147
\IEEEquantizedlengthdiff=\dimen148
\IEEEquantizedtextheightdiff=\dimen149
\IEEEilabelindentA=\dimen150
\IEEEilabelindentB=\dimen151
\IEEEilabelindent=\dimen152
\IEEEelabelindent=\dimen153
\IEEEdlabelindent=\dimen154
\IEEElabelindent=\dimen155
\IEEEiednormlabelsep=\dimen156
\IEEEiedmathlabelsep=\dimen157
\IEEEiedtopsep=\skip48
\c@section=\count191
\c@subsection=\count192
\c@subsubsection=\count193
\c@paragraph=\count194
\c@IEEEsubequation=\count195
\abovecaptionskip=\skip49
\belowcaptionskip=\skip50
\c@figure=\count196
\c@table=\count197
\@IEEEeqnnumcols=\count198
\@IEEEeqncolcnt=\count199
\@IEEEsubeqnnumrollback=\count266
\@IEEEquantizeheightA=\dimen158
\@IEEEquantizeheightB=\dimen159
\@IEEEquantizeheightC=\dimen160
\@IEEEquantizeprevdepth=\dimen161
\@IEEEquantizemultiple=\count267
\@IEEEquantizeboxA=\box51
\@IEEEtmpitemindent=\dimen162
\IEEEPARstartletwidth=\dimen163
\c@IEEEbiography=\count268
\@IEEEtranrubishbin=\box52
)
** ATTENTION: Overriding command lockouts (line 2).
(/usr/local/texlive/2024basic/texmf-dist/tex/latex/amsmath/amsmath.sty
Package: amsmath 2023/05/13 v2.17o AMS math features
\@mathmargin=\skip51

For additional information on amsmath, use the `?' option.
(/usr/local/texlive/2024basic/texmf-dist/tex/latex/amsmath/amstext.sty
Package: amstext 2021/08/26 v2.01 AMS text
 (/usr/local/texlive/2024basic/texmf-dist/tex/latex/amsmath/amsgen.sty
File: amsgen.sty 1999/11/30 v2.0 generic functions
\@emptytoks=\toks18
\ex@=\dimen164
)) (/usr/local/texlive/2024basic/texmf-dist/tex/latex/amsmath/amsbsy.sty
Package: amsbsy 1999/11/29 v1.2d Bold Symbols
\pmbraise@=\dimen165
) (/usr/local/texlive/2024basic/texmf-dist/tex/latex/amsmath/amsopn.sty
Package: amsopn 2022/04/08 v2.04 operator names
)
\inf@bad=\count269
LaTeX Info: Redefining \frac on input line 234.
\uproot@=\count270
\leftroot@=\count271
LaTeX Info: Redefining \overline on input line 399.
LaTeX Info: Redefining \colon on input line 410.
\classnum@=\count272
\DOTSCASE@=\count273
LaTeX Info: Redefining \ldots on input line 496.
LaTeX Info: Redefining \dots on input line 499.
LaTeX Info: Redefining \cdots on input line 620.
\Mathstrutbox@=\box53
\strutbox@=\box54
LaTeX Info: Redefining \big on input line 722.
LaTeX Info: Redefining \Big on input line 723.
LaTeX Info: Redefining \bigg on input line 724.
LaTeX Info: Redefining \Bigg on input line 725.
\big@size=\dimen166
LaTeX Font Info:    Redeclaring font encoding OML on input line 743.
LaTeX Font Info:    Redeclaring font encoding OMS on input line 744.
\macc@depth=\count274
LaTeX Info: Redefining \bmod on input line 905.
LaTeX Info: Redefining \pmod on input line 910.
LaTeX Info: Redefining \smash on input line 940.
LaTeX Info: Redefining \relbar on input line 970.
LaTeX Info: Redefining \Relbar on input line 971.
\c@MaxMatrixCols=\count275
\dotsspace@=\muskip16
\c@parentequation=\count276
\dspbrk@lvl=\count277
\tag@help=\toks19
\row@=\count278
\column@=\count279
\maxfields@=\count280
\andhelp@=\toks20
\eqnshift@=\dimen167
\alignsep@=\dimen168
\tagshift@=\dimen169
\tagwidth@=\dimen170
\totwidth@=\dimen171
\lineht@=\dimen172
\@envbody=\toks21
\multlinegap=\skip52
\multlinetaggap=\skip53
\mathdisplay@stack=\toks22
LaTeX Info: Redefining \[ on input line 2953.
LaTeX Info: Redefining \] on input line 2954.
) (/usr/local/texlive/2024basic/texmf-dist/tex/latex/amsfonts/amssymb.sty
Package: amssymb 2013/01/14 v3.01 AMS font symbols
 (/usr/local/texlive/2024basic/texmf-dist/tex/latex/amsfonts/amsfonts.sty
Package: amsfonts 2013/01/14 v3.01 Basic AMSFonts support
\symAMSa=\mathgroup4
\symAMSb=\mathgroup5
LaTeX Font Info:    Redeclaring math symbol \hbar on input line 98.
LaTeX Font Info:    Overwriting math alphabet `\mathfrak' in version `bold'
(Font)                  U/euf/m/n --> U/euf/b/n on input line 106.
)) (/usr/local/texlive/2024basic/texmf-dist/tex/latex/algorithms/algorithmic.sty
Package: algorithmic 2009/08/24 v0.1 Document Style `algorithmic'
 (/usr/local/texlive/2024basic/texmf-dist/tex/latex/base/ifthen.sty
Package: ifthen 2022/04/13 v1.1d Standard LaTeX ifthen package (DPC)
) (/usr/local/texlive/2024basic/texmf-dist/tex/latex/graphics/keyval.sty
Package: keyval 2022/05/29 v1.15 key=value parser (DPC)
\KV@toks@=\toks23
)
\c@ALC@unique=\count281
\c@ALC@line=\count282
\c@ALC@rem=\count283
\c@ALC@depth=\count284
\ALC@tlm=\skip54
\algorithmicindent=\skip55
) (/usr/local/texlive/2024basic/texmf-dist/tex/latex/graphics/graphicx.sty
Package: graphicx 2021/09/16 v1.2d Enhanced LaTeX Graphics (DPC,SPQR)
 (/usr/local/texlive/2024basic/texmf-dist/tex/latex/graphics/graphics.sty
Package: graphics 2022/03/10 v1.4e Standard LaTeX Graphics (DPC,SPQR)
 (/usr/local/texlive/2024basic/texmf-dist/tex/latex/graphics/trig.sty
Package: trig 2021/08/11 v1.11 sin cos tan (DPC)
) (/usr/local/texlive/2024basic/texmf-dist/tex/latex/graphics-cfg/graphics.cfg
File: graphics.cfg 2016/06/04 v1.11 sample graphics configuration
)
Package graphics Info: Driver file: pdftex.def on input line 107.
 (/usr/local/texlive/2024basic/texmf-dist/tex/latex/graphics-def/pdftex.def
File: pdftex.def 2022/09/22 v1.2b Graphics/color driver for pdftex
))
\Gin@req@height=\dimen173
\Gin@req@width=\dimen174
) (/usr/local/texlive/2024basic/texmf-dist/tex/latex/base/textcomp.sty
Package: textcomp 2020/02/02 v2.0n Standard LaTeX package
) (/usr/local/texlive/2024basic/texmf-dist/tex/latex/xcolor/xcolor.sty
Package: xcolor 2023/11/15 v3.01 LaTeX color extensions (UK)
 (/usr/local/texlive/2024basic/texmf-dist/tex/latex/graphics-cfg/color.cfg
File: color.cfg 2016/01/02 v1.6 sample color configuration
)
Package xcolor Info: Driver file: pdftex.def on input line 274.
 (/usr/local/texlive/2024basic/texmf-dist/tex/latex/graphics/mathcolor.ltx)
Package xcolor Info: Model `cmy' substituted by `cmy0' on input line 1350.
Package xcolor Info: Model `hsb' substituted by `rgb' on input line 1354.
Package xcolor Info: Model `RGB' extended on input line 1366.
Package xcolor Info: Model `HTML' substituted by `rgb' on input line 1368.
Package xcolor Info: Model `Hsb' substituted by `hsb' on input line 1369.
Package xcolor Info: Model `tHsb' substituted by `hsb' on input line 1370.
Package xcolor Info: Model `HSB' substituted by `hsb' on input line 1371.
Package xcolor Info: Model `Gray' substituted by `gray' on input line 1372.
Package xcolor Info: Model `wave' substituted by `hsb' on input line 1373.
) (/usr/local/texlive/2024basic/texmf-dist/tex/latex/parskip/parskip.sty
Package: parskip 2021-03-14 v2.0h non-zero parskip adjustments
 (/usr/local/texlive/2024basic/texmf-dist/tex/latex/kvoptions/kvoptions.sty
Package: kvoptions 2022-06-15 v3.15 Key value format for package options (HO)
 (/usr/local/texlive/2024basic/texmf-dist/tex/generic/ltxcmds/ltxcmds.sty
Package: ltxcmds 2023-12-04 v1.26 LaTeX kernel commands for general use (HO)
) (/usr/local/texlive/2024basic/texmf-dist/tex/latex/kvsetkeys/kvsetkeys.sty
Package: kvsetkeys 2022-10-05 v1.19 Key value parser (HO)
)) (/usr/local/texlive/2024basic/texmf-dist/tex/latex/etoolbox/etoolbox.sty
Package: etoolbox 2020/10/05 v2.5k e-TeX tools for LaTeX (JAW)
\etb@tempcnta=\count285
)) (/usr/local/texlive/2024basic/texmf-dist/tex/latex/pgf/frontendlayer/tikz.sty (/usr/local/texlive/2024basic/texmf-dist/tex/latex/pgf/basiclayer/pgf.sty (/usr/local/texlive/2024basic/texmf-dist/tex/latex/pgf/utilities/pgfrcs.sty (/usr/local/texlive/2024basic/texmf-dist/tex/generic/pgf/utilities/pgfutil-common.tex
\pgfutil@everybye=\toks24
\pgfutil@tempdima=\dimen175
\pgfutil@tempdimb=\dimen176
) (/usr/local/texlive/2024basic/texmf-dist/tex/generic/pgf/utilities/pgfutil-latex.def
\pgfutil@abb=\box55
) (/usr/local/texlive/2024basic/texmf-dist/tex/generic/pgf/utilities/pgfrcs.code.tex (/usr/local/texlive/2024basic/texmf-dist/tex/generic/pgf/pgf.revision.tex)
Package: pgfrcs 2023-01-15 v3.1.10 (3.1.10)
))
Package: pgf 2023-01-15 v3.1.10 (3.1.10)
 (/usr/local/texlive/2024basic/texmf-dist/tex/latex/pgf/basiclayer/pgfcore.sty (/usr/local/texlive/2024basic/texmf-dist/tex/latex/pgf/systemlayer/pgfsys.sty (/usr/local/texlive/2024basic/texmf-dist/tex/generic/pgf/systemlayer/pgfsys.code.tex
Package: pgfsys 2023-01-15 v3.1.10 (3.1.10)
 (/usr/local/texlive/2024basic/texmf-dist/tex/generic/pgf/utilities/pgfkeys.code.tex
\pgfkeys@pathtoks=\toks25
\pgfkeys@temptoks=\toks26
 (/usr/local/texlive/2024basic/texmf-dist/tex/generic/pgf/utilities/pgfkeyslibraryfiltered.code.tex
\pgfkeys@tmptoks=\toks27
))
\pgf@x=\dimen177
\pgf@y=\dimen178
\pgf@xa=\dimen179
\pgf@ya=\dimen180
\pgf@xb=\dimen181
\pgf@yb=\dimen182
\pgf@xc=\dimen183
\pgf@yc=\dimen184
\pgf@xd=\dimen185
\pgf@yd=\dimen186
\w@pgf@writea=\write3
\r@pgf@reada=\read2
\c@pgf@counta=\count286
\c@pgf@countb=\count287
\c@pgf@countc=\count288
\c@pgf@countd=\count289
\t@pgf@toka=\toks28
\t@pgf@tokb=\toks29
\t@pgf@tokc=\toks30
\pgf@sys@id@count=\count290
 (/usr/local/texlive/2024basic/texmf-dist/tex/generic/pgf/systemlayer/pgf.cfg
File: pgf.cfg 2023-01-15 v3.1.10 (3.1.10)
)
Driver file for pgf: pgfsys-pdftex.def
 (/usr/local/texlive/2024basic/texmf-dist/tex/generic/pgf/systemlayer/pgfsys-pdftex.def
File: pgfsys-pdftex.def 2023-01-15 v3.1.10 (3.1.10)
 (/usr/local/texlive/2024basic/texmf-dist/tex/generic/pgf/systemlayer/pgfsys-common-pdf.def
File: pgfsys-common-pdf.def 2023-01-15 v3.1.10 (3.1.10)
))) (/usr/local/texlive/2024basic/texmf-dist/tex/generic/pgf/systemlayer/pgfsyssoftpath.code.tex
File: pgfsyssoftpath.code.tex 2023-01-15 v3.1.10 (3.1.10)
\pgfsyssoftpath@smallbuffer@items=\count291
\pgfsyssoftpath@bigbuffer@items=\count292
) (/usr/local/texlive/2024basic/texmf-dist/tex/generic/pgf/systemlayer/pgfsysprotocol.code.tex
File: pgfsysprotocol.code.tex 2023-01-15 v3.1.10 (3.1.10)
)) (/usr/local/texlive/2024basic/texmf-dist/tex/generic/pgf/basiclayer/pgfcore.code.tex
Package: pgfcore 2023-01-15 v3.1.10 (3.1.10)
 (/usr/local/texlive/2024basic/texmf-dist/tex/generic/pgf/math/pgfmath.code.tex (/usr/local/texlive/2024basic/texmf-dist/tex/generic/pgf/math/pgfmathutil.code.tex) (/usr/local/texlive/2024basic/texmf-dist/tex/generic/pgf/math/pgfmathparser.code.tex
\pgfmath@dimen=\dimen187
\pgfmath@count=\count293
\pgfmath@box=\box56
\pgfmath@toks=\toks31
\pgfmath@stack@operand=\toks32
\pgfmath@stack@operation=\toks33
) (/usr/local/texlive/2024basic/texmf-dist/tex/generic/pgf/math/pgfmathfunctions.code.tex) (/usr/local/texlive/2024basic/texmf-dist/tex/generic/pgf/math/pgfmathfunctions.basic.code.tex) (/usr/local/texlive/2024basic/texmf-dist/tex/generic/pgf/math/pgfmathfunctions.trigonometric.code.tex) (/usr/local/texlive/2024basic/texmf-dist/tex/generic/pgf/math/pgfmathfunctions.random.code.tex) (/usr/local/texlive/2024basic/texmf-dist/tex/generic/pgf/math/pgfmathfunctions.comparison.code.tex) (/usr/local/texlive/2024basic/texmf-dist/tex/generic/pgf/math/pgfmathfunctions.base.code.tex) (/usr/local/texlive/2024basic/texmf-dist/tex/generic/pgf/math/pgfmathfunctions.round.code.tex) (/usr/local/texlive/2024basic/texmf-dist/tex/generic/pgf/math/pgfmathfunctions.misc.code.tex) (/usr/local/texlive/2024basic/texmf-dist/tex/generic/pgf/math/pgfmathfunctions.integerarithmetics.code.tex) (/usr/local/texlive/2024basic/texmf-dist/tex/generic/pgf/math/pgfmathcalc.code.tex) (/usr/local/texlive/2024basic/texmf-dist/tex/generic/pgf/math/pgfmathfloat.code.tex
\c@pgfmathroundto@lastzeros=\count294
)) (/usr/local/texlive/2024basic/texmf-dist/tex/generic/pgf/math/pgfint.code.tex) (/usr/local/texlive/2024basic/texmf-dist/tex/generic/pgf/basiclayer/pgfcorepoints.code.tex
File: pgfcorepoints.code.tex 2023-01-15 v3.1.10 (3.1.10)
\pgf@picminx=\dimen188
\pgf@picmaxx=\dimen189
\pgf@picminy=\dimen190
\pgf@picmaxy=\dimen191
\pgf@pathminx=\dimen192
\pgf@pathmaxx=\dimen193
\pgf@pathminy=\dimen194
\pgf@pathmaxy=\dimen195
\pgf@xx=\dimen196
\pgf@xy=\dimen197
\pgf@yx=\dimen198
\pgf@yy=\dimen199
\pgf@zx=\dimen256
\pgf@zy=\dimen257
) (/usr/local/texlive/2024basic/texmf-dist/tex/generic/pgf/basiclayer/pgfcorepathconstruct.code.tex
File: pgfcorepathconstruct.code.tex 2023-01-15 v3.1.10 (3.1.10)
\pgf@path@lastx=\dimen258
\pgf@path@lasty=\dimen259
) (/usr/local/texlive/2024basic/texmf-dist/tex/generic/pgf/basiclayer/pgfcorepathusage.code.tex
File: pgfcorepathusage.code.tex 2023-01-15 v3.1.10 (3.1.10)
\pgf@shorten@end@additional=\dimen260
\pgf@shorten@start@additional=\dimen261
) (/usr/local/texlive/2024basic/texmf-dist/tex/generic/pgf/basiclayer/pgfcorescopes.code.tex
File: pgfcorescopes.code.tex 2023-01-15 v3.1.10 (3.1.10)
\pgfpic=\box57
\pgf@hbox=\box58
\pgf@layerbox@main=\box59
\pgf@picture@serial@count=\count295
) (/usr/local/texlive/2024basic/texmf-dist/tex/generic/pgf/basiclayer/pgfcoregraphicstate.code.tex
File: pgfcoregraphicstate.code.tex 2023-01-15 v3.1.10 (3.1.10)
\pgflinewidth=\dimen262
) (/usr/local/texlive/2024basic/texmf-dist/tex/generic/pgf/basiclayer/pgfcoretransformations.code.tex
File: pgfcoretransformations.code.tex 2023-01-15 v3.1.10 (3.1.10)
\pgf@pt@x=\dimen263
\pgf@pt@y=\dimen264
\pgf@pt@temp=\dimen265
) (/usr/local/texlive/2024basic/texmf-dist/tex/generic/pgf/basiclayer/pgfcorequick.code.tex
File: pgfcorequick.code.tex 2023-01-15 v3.1.10 (3.1.10)
) (/usr/local/texlive/2024basic/texmf-dist/tex/generic/pgf/basiclayer/pgfcoreobjects.code.tex
File: pgfcoreobjects.code.tex 2023-01-15 v3.1.10 (3.1.10)
) (/usr/local/texlive/2024basic/texmf-dist/tex/generic/pgf/basiclayer/pgfcorepathprocessing.code.tex
File: pgfcorepathprocessing.code.tex 2023-01-15 v3.1.10 (3.1.10)
) (/usr/local/texlive/2024basic/texmf-dist/tex/generic/pgf/basiclayer/pgfcorearrows.code.tex
File: pgfcorearrows.code.tex 2023-01-15 v3.1.10 (3.1.10)
\pgfarrowsep=\dimen266
) (/usr/local/texlive/2024basic/texmf-dist/tex/generic/pgf/basiclayer/pgfcoreshade.code.tex
File: pgfcoreshade.code.tex 2023-01-15 v3.1.10 (3.1.10)
\pgf@max=\dimen267
\pgf@sys@shading@range@num=\count296
\pgf@shadingcount=\count297
) (/usr/local/texlive/2024basic/texmf-dist/tex/generic/pgf/basiclayer/pgfcoreimage.code.tex
File: pgfcoreimage.code.tex 2023-01-15 v3.1.10 (3.1.10)
) (/usr/local/texlive/2024basic/texmf-dist/tex/generic/pgf/basiclayer/pgfcoreexternal.code.tex
File: pgfcoreexternal.code.tex 2023-01-15 v3.1.10 (3.1.10)
\pgfexternal@startupbox=\box60
) (/usr/local/texlive/2024basic/texmf-dist/tex/generic/pgf/basiclayer/pgfcorelayers.code.tex
File: pgfcorelayers.code.tex 2023-01-15 v3.1.10 (3.1.10)
) (/usr/local/texlive/2024basic/texmf-dist/tex/generic/pgf/basiclayer/pgfcoretransparency.code.tex
File: pgfcoretransparency.code.tex 2023-01-15 v3.1.10 (3.1.10)
) (/usr/local/texlive/2024basic/texmf-dist/tex/generic/pgf/basiclayer/pgfcorepatterns.code.tex
File: pgfcorepatterns.code.tex 2023-01-15 v3.1.10 (3.1.10)
) (/usr/local/texlive/2024basic/texmf-dist/tex/generic/pgf/basiclayer/pgfcorerdf.code.tex
File: pgfcorerdf.code.tex 2023-01-15 v3.1.10 (3.1.10)
))) (/usr/local/texlive/2024basic/texmf-dist/tex/generic/pgf/modules/pgfmoduleshapes.code.tex
File: pgfmoduleshapes.code.tex 2023-01-15 v3.1.10 (3.1.10)
\pgfnodeparttextbox=\box61
) (/usr/local/texlive/2024basic/texmf-dist/tex/generic/pgf/modules/pgfmoduleplot.code.tex
File: pgfmoduleplot.code.tex 2023-01-15 v3.1.10 (3.1.10)
) (/usr/local/texlive/2024basic/texmf-dist/tex/latex/pgf/compatibility/pgfcomp-version-0-65.sty
Package: pgfcomp-version-0-65 2023-01-15 v3.1.10 (3.1.10)
\pgf@nodesepstart=\dimen268
\pgf@nodesepend=\dimen269
) (/usr/local/texlive/2024basic/texmf-dist/tex/latex/pgf/compatibility/pgfcomp-version-1-18.sty
Package: pgfcomp-version-1-18 2023-01-15 v3.1.10 (3.1.10)
)) (/usr/local/texlive/2024basic/texmf-dist/tex/latex/pgf/utilities/pgffor.sty (/usr/local/texlive/2024basic/texmf-dist/tex/latex/pgf/utilities/pgfkeys.sty (/usr/local/texlive/2024basic/texmf-dist/tex/generic/pgf/utilities/pgfkeys.code.tex)) (/usr/local/texlive/2024basic/texmf-dist/tex/latex/pgf/math/pgfmath.sty (/usr/local/texlive/2024basic/texmf-dist/tex/generic/pgf/math/pgfmath.code.tex)) (/usr/local/texlive/2024basic/texmf-dist/tex/generic/pgf/utilities/pgffor.code.tex
Package: pgffor 2023-01-15 v3.1.10 (3.1.10)
\pgffor@iter=\dimen270
\pgffor@skip=\dimen271
\pgffor@stack=\toks34
\pgffor@toks=\toks35
)) (/usr/local/texlive/2024basic/texmf-dist/tex/generic/pgf/frontendlayer/tikz/tikz.code.tex
Package: tikz 2023-01-15 v3.1.10 (3.1.10)
 (/usr/local/texlive/2024basic/texmf-dist/tex/generic/pgf/libraries/pgflibraryplothandlers.code.tex
File: pgflibraryplothandlers.code.tex 2023-01-15 v3.1.10 (3.1.10)
\pgf@plot@mark@count=\count298
\pgfplotmarksize=\dimen272
)
\tikz@lastx=\dimen273
\tikz@lasty=\dimen274
\tikz@lastxsaved=\dimen275
\tikz@lastysaved=\dimen276
\tikz@lastmovetox=\dimen277
\tikz@lastmovetoy=\dimen278
\tikzleveldistance=\dimen279
\tikzsiblingdistance=\dimen280
\tikz@figbox=\box62
\tikz@figbox@bg=\box63
\tikz@tempbox=\box64
\tikz@tempbox@bg=\box65
\tikztreelevel=\count299
\tikznumberofchildren=\count300
\tikznumberofcurrentchild=\count301
\tikz@fig@count=\count302
 (/usr/local/texlive/2024basic/texmf-dist/tex/generic/pgf/modules/pgfmodulematrix.code.tex
File: pgfmodulematrix.code.tex 2023-01-15 v3.1.10 (3.1.10)
\pgfmatrixcurrentrow=\count303
\pgfmatrixcurrentcolumn=\count304
\pgf@matrix@numberofcolumns=\count305
)
\tikz@expandcount=\count306
 (/usr/local/texlive/2024basic/texmf-dist/tex/generic/pgf/frontendlayer/tikz/libraries/tikzlibrarytopaths.code.tex
File: tikzlibrarytopaths.code.tex 2023-01-15 v3.1.10 (3.1.10)
))) (/usr/local/texlive/2024basic/texmf-dist/tex/generic/pgf/frontendlayer/tikz/libraries/tikzlibraryshapes.code.tex
File: tikzlibraryshapes.code.tex 2023-01-15 v3.1.10 (3.1.10)
 (/usr/local/texlive/2024basic/texmf-dist/tex/generic/pgf/frontendlayer/tikz/libraries/tikzlibraryshapes.geometric.code.tex
File: tikzlibraryshapes.geometric.code.tex 2023-01-15 v3.1.10 (3.1.10)
 (/usr/local/texlive/2024basic/texmf-dist/tex/generic/pgf/libraries/shapes/pgflibraryshapes.geometric.code.tex
File: pgflibraryshapes.geometric.code.tex 2023-01-15 v3.1.10 (3.1.10)
)) (/usr/local/texlive/2024basic/texmf-dist/tex/generic/pgf/frontendlayer/tikz/libraries/tikzlibraryshapes.misc.code.tex
File: tikzlibraryshapes.misc.code.tex 2023-01-15 v3.1.10 (3.1.10)
 (/usr/local/texlive/2024basic/texmf-dist/tex/generic/pgf/libraries/shapes/pgflibraryshapes.misc.code.tex
File: pgflibraryshapes.misc.code.tex 2023-01-15 v3.1.10 (3.1.10)
)) (/usr/local/texlive/2024basic/texmf-dist/tex/generic/pgf/frontendlayer/tikz/libraries/tikzlibraryshapes.symbols.code.tex
File: tikzlibraryshapes.symbols.code.tex 2023-01-15 v3.1.10 (3.1.10)
 (/usr/local/texlive/2024basic/texmf-dist/tex/generic/pgf/libraries/shapes/pgflibraryshapes.symbols.code.tex
File: pgflibraryshapes.symbols.code.tex 2023-01-15 v3.1.10 (3.1.10)
)) (/usr/local/texlive/2024basic/texmf-dist/tex/generic/pgf/frontendlayer/tikz/libraries/tikzlibraryshapes.arrows.code.tex
File: tikzlibraryshapes.arrows.code.tex 2023-01-15 v3.1.10 (3.1.10)
 (/usr/local/texlive/2024basic/texmf-dist/tex/generic/pgf/libraries/shapes/pgflibraryshapes.arrows.code.tex
File: pgflibraryshapes.arrows.code.tex 2023-01-15 v3.1.10 (3.1.10)
)) (/usr/local/texlive/2024basic/texmf-dist/tex/generic/pgf/frontendlayer/tikz/libraries/tikzlibraryshapes.callouts.code.tex (/usr/local/texlive/2024basic/texmf-dist/tex/generic/pgf/libraries/shapes/pgflibraryshapes.callouts.code.tex)) (/usr/local/texlive/2024basic/texmf-dist/tex/generic/pgf/frontendlayer/tikz/libraries/tikzlibraryshapes.multipart.code.tex
File: tikzlibraryshapes.multipart.code.tex 2023-01-15 v3.1.10 (3.1.10)
 (/usr/local/texlive/2024basic/texmf-dist/tex/generic/pgf/libraries/shapes/pgflibraryshapes.multipart.code.tex
File: pgflibraryshapes.multipart.code.tex 2023-01-15 v3.1.10 (3.1.10)
\pgfnodepartlowerbox=\box66
\pgfnodeparttwobox=\box67
\pgfnodepartthreebox=\box68
\pgfnodepartfourbox=\box69
\pgfnodeparttwentybox=\box70
\pgfnodepartnineteenbox=\box71
\pgfnodeparteighteenbox=\box72
\pgfnodepartseventeenbox=\box73
\pgfnodepartsixteenbox=\box74
\pgfnodepartfifteenbox=\box75
\pgfnodepartfourteenbox=\box76
\pgfnodepartthirteenbox=\box77
\pgfnodeparttwelvebox=\box78
\pgfnodepartelevenbox=\box79
\pgfnodeparttenbox=\box80
\pgfnodepartninebox=\box81
\pgfnodeparteightbox=\box82
\pgfnodepartsevenbox=\box83
\pgfnodepartsixbox=\box84
\pgfnodepartfivebox=\box85
))) (/usr/local/texlive/2024basic/texmf-dist/tex/generic/pgf/frontendlayer/tikz/libraries/tikzlibraryarrows.code.tex
File: tikzlibraryarrows.code.tex 2023-01-15 v3.1.10 (3.1.10)
 (/usr/local/texlive/2024basic/texmf-dist/tex/generic/pgf/libraries/pgflibraryarrows.code.tex
File: pgflibraryarrows.code.tex 2023-01-15 v3.1.10 (3.1.10)
\arrowsize=\dimen281
)) (/usr/local/texlive/2024basic/texmf-dist/tex/generic/pgf/frontendlayer/tikz/libraries/tikzlibraryfit.code.tex
File: tikzlibraryfit.code.tex 2023-01-15 v3.1.10 (3.1.10)
) (/usr/local/texlive/2024basic/texmf-dist/tex/generic/pgf/frontendlayer/tikz/libraries/tikzlibrarycalc.code.tex
File: tikzlibrarycalc.code.tex 2023-01-15 v3.1.10 (3.1.10)
) (/usr/local/texlive/2024basic/texmf-dist/tex/generic/pgf/frontendlayer/tikz/libraries/tikzlibrarypositioning.code.tex
File: tikzlibrarypositioning.code.tex 2023-01-15 v3.1.10 (3.1.10)
) (/usr/local/texlive/2024basic/texmf-dist/tex/generic/pgf/frontendlayer/tikz/libraries/tikzlibraryautomata.code.tex
File: tikzlibraryautomata.code.tex 2023-01-15 v3.1.10 (3.1.10)
) (/usr/local/texlive/2024basic/texmf-dist/tex/latex/biblatex/biblatex.sty
Package: biblatex 2024/03/21 v3.20 programmable bibliographies (PK/MW)
 (/usr/local/texlive/2024basic/texmf-dist/tex/generic/pdftexcmds/pdftexcmds.sty
Package: pdftexcmds 2020-06-27 v0.33 Utility functions of pdfTeX for LuaTeX (HO)
 (/usr/local/texlive/2024basic/texmf-dist/tex/generic/infwarerr/infwarerr.sty
Package: infwarerr 2019/12/03 v1.5 Providing info/warning/error messages (HO)
) (/usr/local/texlive/2024basic/texmf-dist/tex/generic/iftex/iftex.sty
Package: iftex 2022/02/03 v1.0f TeX engine tests
)
Package pdftexcmds Info: \pdf@primitive is available.
Package pdftexcmds Info: \pdf@ifprimitive is available.
Package pdftexcmds Info: \pdfdraftmode found.
) (/usr/local/texlive/2024basic/texmf-dist/tex/latex/logreq/logreq.sty
Package: logreq 2010/08/04 v1.0 xml request logger
\lrq@indent=\count307

(/usr/local/texlive/2024basic/texmf-dist/tex/latex/logreq/logreq.def
File: logreq.def 2010/08/04 v1.0 logreq spec v1.0
)) (/usr/local/texlive/2024basic/texmf-dist/tex/latex/url/url.sty
\Urlmuskip=\muskip17
Package: url 2013/09/16  ver 3.4  Verb mode for urls, etc.
)
\c@tabx@nest=\count308
\c@listtotal=\count309
\c@listcount=\count310
\c@liststart=\count311
\c@liststop=\count312
\c@citecount=\count313
\c@citetotal=\count314
\c@multicitecount=\count315
\c@multicitetotal=\count316
\c@instcount=\count317
\c@maxnames=\count318
\c@minnames=\count319
\c@maxitems=\count320
\c@minitems=\count321
\c@citecounter=\count322
\c@maxcitecounter=\count323
\c@savedcitecounter=\count324
\c@uniquelist=\count325
\c@uniquename=\count326
\c@refsection=\count327
\c@refsegment=\count328
\c@maxextratitle=\count329
\c@maxextratitleyear=\count330
\c@maxextraname=\count331
\c@maxextradate=\count332
\c@maxextraalpha=\count333
\c@abbrvpenalty=\count334
\c@highnamepenalty=\count335
\c@lownamepenalty=\count336
\c@maxparens=\count337
\c@parenlevel=\count338
\blx@tempcnta=\count339
\blx@tempcntb=\count340
\blx@tempcntc=\count341
\c@blx@maxsection=\count342
\blx@maxsegment@0=\count343
\blx@notetype=\count344
\blx@parenlevel@text=\count345
\blx@parenlevel@foot=\count346
\blx@sectionciteorder@0=\count347
\blx@sectionciteorderinternal@0=\count348
\blx@entrysetcounter=\count349
\blx@biblioinstance=\count350
\labelnumberwidth=\skip56
\labelalphawidth=\skip57
\biblabelsep=\skip58
\bibitemsep=\skip59
\bibnamesep=\skip60
\bibinitsep=\skip61
\bibparsep=\skip62
\bibhang=\skip63
\blx@bcfin=\read3
\blx@bcfout=\write4
\blx@langwohyphens=\language25
\c@mincomprange=\count351
\c@maxcomprange=\count352
\c@mincompwidth=\count353
Package biblatex Info: Trying to load biblatex default data model...
Package biblatex Info: ... file 'blx-dm.def' found.
 (/usr/local/texlive/2024basic/texmf-dist/tex/latex/biblatex/blx-dm.def
File: blx-dm.def 2024/03/21 v3.20 biblatex datamodel (PK/MW)
)
Package biblatex Info: Trying to load biblatex custom data model...
Package biblatex Info: ... file 'biblatex-dm.cfg' not found.
\c@afterword=\count354
\c@savedafterword=\count355
\c@annotator=\count356
\c@savedannotator=\count357
\c@author=\count358
\c@savedauthor=\count359
\c@bookauthor=\count360
\c@savedbookauthor=\count361
\c@commentator=\count362
\c@savedcommentator=\count363
\c@editor=\count364
\c@savededitor=\count365
\c@editora=\count366
\c@savededitora=\count367
\c@editorb=\count368
\c@savededitorb=\count369
\c@editorc=\count370
\c@savededitorc=\count371
\c@foreword=\count372
\c@savedforeword=\count373
\c@holder=\count374
\c@savedholder=\count375
\c@introduction=\count376
\c@savedintroduction=\count377
\c@namea=\count378
\c@savednamea=\count379
\c@nameb=\count380
\c@savednameb=\count381
\c@namec=\count382
\c@savednamec=\count383
\c@translator=\count384
\c@savedtranslator=\count385
\c@shortauthor=\count386
\c@savedshortauthor=\count387
\c@shorteditor=\count388
\c@savedshorteditor=\count389
\c@labelname=\count390
\c@savedlabelname=\count391
\c@institution=\count392
\c@savedinstitution=\count393
\c@lista=\count394
\c@savedlista=\count395
\c@listb=\count396
\c@savedlistb=\count397
\c@listc=\count398
\c@savedlistc=\count399
\c@listd=\count400
\c@savedlistd=\count401
\c@liste=\count402
\c@savedliste=\count403
\c@listf=\count404
\c@savedlistf=\count405
\c@location=\count406
\c@savedlocation=\count407
\c@organization=\count408
\c@savedorganization=\count409
\c@origlocation=\count410
\c@savedoriglocation=\count411
\c@origpublisher=\count412
\c@savedorigpublisher=\count413
\c@publisher=\count414
\c@savedpublisher=\count415
\c@language=\count416
\c@savedlanguage=\count417
\c@origlanguage=\count418
\c@savedoriglanguage=\count419
\c@pageref=\count420
\c@savedpageref=\count421
\shorthandwidth=\skip64
\shortjournalwidth=\skip65
\shortserieswidth=\skip66
\shorttitlewidth=\skip67
\shortauthorwidth=\skip68
\shorteditorwidth=\skip69
\locallabelnumberwidth=\skip70
\locallabelalphawidth=\skip71
\localshorthandwidth=\skip72
\localshortjournalwidth=\skip73
\localshortserieswidth=\skip74
\localshorttitlewidth=\skip75
\localshortauthorwidth=\skip76
\localshorteditorwidth=\skip77
Package biblatex Info: Trying to load compatibility code...
Package biblatex Info: ... file 'blx-compat.def' found.
 (/usr/local/texlive/2024basic/texmf-dist/tex/latex/biblatex/blx-compat.def
File: blx-compat.def 2024/03/21 v3.20 biblatex compatibility (PK/MW)
)
Package biblatex Info: Trying to load generic definitions...
Package biblatex Info: ... file 'biblatex.def' found.
 (/usr/local/texlive/2024basic/texmf-dist/tex/latex/biblatex/biblatex.def
File: biblatex.def 2024/03/21 v3.20 biblatex compatibility (PK/MW)
\c@textcitecount=\count422
\c@textcitetotal=\count423
\c@textcitemaxnames=\count424
\c@biburlbigbreakpenalty=\count425
\c@biburlbreakpenalty=\count426
\c@biburlnumpenalty=\count427
\c@biburlucpenalty=\count428
\c@biburllcpenalty=\count429
\biburlbigskip=\muskip18
\biburlnumskip=\muskip19
\biburlucskip=\muskip20
\biburllcskip=\muskip21
\c@smartand=\count430
)
Package biblatex Info: Trying to load bibliography style 'numeric'...
Package biblatex Info: ... file 'numeric.bbx' found.
 (/usr/local/texlive/2024basic/texmf-dist/tex/latex/biblatex/bbx/numeric.bbx
File: numeric.bbx 2024/03/21 v3.20 biblatex bibliography style (PK/MW)
Package biblatex Info: Trying to load bibliography style 'standard'...
Package biblatex Info: ... file 'standard.bbx' found.
 (/usr/local/texlive/2024basic/texmf-dist/tex/latex/biblatex/bbx/standard.bbx
File: standard.bbx 2024/03/21 v3.20 biblatex bibliography style (PK/MW)
\c@bbx:relatedcount=\count431
\c@bbx:relatedtotal=\count432
))
Package biblatex Info: Trying to load citation style 'numeric'...
Package biblatex Info: ... file 'numeric.cbx' found.
 (/usr/local/texlive/2024basic/texmf-dist/tex/latex/biblatex/cbx/numeric.cbx
File: numeric.cbx 2024/03/21 v3.20 biblatex citation style (PK/MW)
Package biblatex Info: Redefining '\cite'.
Package biblatex Info: Redefining '\parencite'.
Package biblatex Info: Redefining '\footcite'.
Package biblatex Info: Redefining '\footcitetext'.
Package biblatex Info: Redefining '\smartcite'.
Package biblatex Info: Redefining '\supercite'.
Package biblatex Info: Redefining '\textcite'.
Package biblatex Info: Redefining '\textcites'.
Package biblatex Info: Redefining '\cites'.
Package biblatex Info: Redefining '\parencites'.
Package biblatex Info: Redefining '\smartcites'.
)
Package biblatex Info: Trying to load configuration file...
Package biblatex Info: ... file 'biblatex.cfg' found.
 (/usr/local/texlive/2024basic/texmf-dist/tex/latex/biblatex/biblatex.cfg
File: biblatex.cfg 
)
Package biblatex Info: Input encoding 'utf8' detected.
Package biblatex Info: Document encoding is UTF8 ....
 (/usr/local/texlive/2024basic/texmf-dist/tex/latex/l3kernel/expl3.sty
Package: expl3 2024-02-20 L3 programming layer (loader) 
 (/usr/local/texlive/2024basic/texmf-dist/tex/latex/l3backend/l3backend-pdftex.def
File: l3backend-pdftex.def 2024-02-20 L3 backend support: PDF output (pdfTeX)
\l__color_backend_stack_int=\count433
\l__pdf_internal_box=\box86
))
Package biblatex Info: ... and expl3
(biblatex)             2024-02-20 L3 programming layer (loader) 
(biblatex)             is new enough (at least 2020/04/06),
(biblatex)             setting 'casechanger=expl3'.
 (/usr/local/texlive/2024basic/texmf-dist/tex/latex/biblatex/blx-case-expl3.sty (/usr/local/texlive/2024basic/texmf-dist/tex/latex/l3packages/xparse/xparse.sty
Package: xparse 2024-02-18 L3 Experimental document command parser
)
Package: blx-case-expl3 2024/03/21 v3.20 expl3 case changing code for biblatex
)) (/usr/local/texlive/2024basic/texmf-dist/tex/latex/hyperref/hyperref.sty
Package: hyperref 2024-01-20 v7.01h Hypertext links for LaTeX
 (/usr/local/texlive/2024basic/texmf-dist/tex/generic/kvdefinekeys/kvdefinekeys.sty
Package: kvdefinekeys 2019-12-19 v1.6 Define keys (HO)
) (/usr/local/texlive/2024basic/texmf-dist/tex/generic/pdfescape/pdfescape.sty
Package: pdfescape 2019/12/09 v1.15 Implements pdfTeX's escape features (HO)
) (/usr/local/texlive/2024basic/texmf-dist/tex/latex/hycolor/hycolor.sty
Package: hycolor 2020-01-27 v1.10 Color options for hyperref/bookmark (HO)
) (/usr/local/texlive/2024basic/texmf-dist/tex/latex/auxhook/auxhook.sty
Package: auxhook 2019-12-17 v1.6 Hooks for auxiliary files (HO)
) (/usr/local/texlive/2024basic/texmf-dist/tex/latex/hyperref/nameref.sty
Package: nameref 2023-11-26 v2.56 Cross-referencing by name of section
 (/usr/local/texlive/2024basic/texmf-dist/tex/latex/refcount/refcount.sty
Package: refcount 2019/12/15 v3.6 Data extraction from label references (HO)
) (/usr/local/texlive/2024basic/texmf-dist/tex/generic/gettitlestring/gettitlestring.sty
Package: gettitlestring 2019/12/15 v1.6 Cleanup title references (HO)
)
\c@section@level=\count434
)
\@linkdim=\dimen282
\Hy@linkcounter=\count435
\Hy@pagecounter=\count436
 (/usr/local/texlive/2024basic/texmf-dist/tex/latex/hyperref/pd1enc.def
File: pd1enc.def 2024-01-20 v7.01h Hyperref: PDFDocEncoding definition (HO)
Now handling font encoding PD1 ...
... no UTF-8 mapping file for font encoding PD1
) (/usr/local/texlive/2024basic/texmf-dist/tex/generic/intcalc/intcalc.sty
Package: intcalc 2019/12/15 v1.3 Expandable calculations with integers (HO)
)
\Hy@SavedSpaceFactor=\count437
 (/usr/local/texlive/2024basic/texmf-dist/tex/latex/hyperref/puenc.def
File: puenc.def 2024-01-20 v7.01h Hyperref: PDF Unicode definition (HO)
Now handling font encoding PU ...
... no UTF-8 mapping file for font encoding PU
)
Package hyperref Info: Hyper figures OFF on input line 4179.
Package hyperref Info: Link nesting OFF on input line 4184.
Package hyperref Info: Hyper index ON on input line 4187.
Package hyperref Info: Plain pages OFF on input line 4194.
Package hyperref Info: Backreferencing OFF on input line 4199.
Package hyperref Info: Implicit mode ON; LaTeX internals redefined.
Package hyperref Info: Bookmarks ON on input line 4446.
\c@Hy@tempcnt=\count438
LaTeX Info: Redefining \url on input line 4784.
\XeTeXLinkMargin=\dimen283
 (/usr/local/texlive/2024basic/texmf-dist/tex/generic/bitset/bitset.sty
Package: bitset 2019/12/09 v1.3 Handle bit-vector datatype (HO)
 (/usr/local/texlive/2024basic/texmf-dist/tex/generic/bigintcalc/bigintcalc.sty
Package: bigintcalc 2019/12/15 v1.5 Expandable calculations on big integers (HO)
))
\Fld@menulength=\count439
\Field@Width=\dimen284
\Fld@charsize=\dimen285
Package hyperref Info: Hyper figures OFF on input line 6063.
Package hyperref Info: Link nesting OFF on input line 6068.
Package hyperref Info: Hyper index ON on input line 6071.
Package hyperref Info: backreferencing OFF on input line 6078.
Package hyperref Info: Link coloring OFF on input line 6083.
Package hyperref Info: Link coloring with OCG OFF on input line 6088.
Package hyperref Info: PDF/A mode OFF on input line 6093.
 (/usr/local/texlive/2024basic/texmf-dist/tex/latex/base/atbegshi-ltx.sty
Package: atbegshi-ltx 2021/01/10 v1.0c Emulation of the original atbegshi
package with kernel methods
)
\Hy@abspage=\count440
\c@Item=\count441
\c@Hfootnote=\count442
)
Package hyperref Info: Driver (autodetected): hpdftex.
 (/usr/local/texlive/2024basic/texmf-dist/tex/latex/hyperref/hpdftex.def
File: hpdftex.def 2024-01-20 v7.01h Hyperref driver for pdfTeX
 (/usr/local/texlive/2024basic/texmf-dist/tex/latex/base/atveryend-ltx.sty
Package: atveryend-ltx 2020/08/19 v1.0a Emulation of the original atveryend package
with kernel methods
)
\Fld@listcount=\count443
\c@bookmark@seq@number=\count444
 (/usr/local/texlive/2024basic/texmf-dist/tex/latex/rerunfilecheck/rerunfilecheck.sty
Package: rerunfilecheck 2022-07-10 v1.10 Rerun checks for auxiliary files (HO)
 (/usr/local/texlive/2024basic/texmf-dist/tex/generic/uniquecounter/uniquecounter.sty
Package: uniquecounter 2019/12/15 v1.4 Provide unlimited unique counter (HO)
)
Package uniquecounter Info: New unique counter `rerunfilecheck' on input line 285.
)
\Hy@SectionHShift=\skip78
) (/usr/local/texlive/2024basic/texmf-dist/tex/latex/booktabs/booktabs.sty
Package: booktabs 2020/01/12 v1.61803398 Publication quality tables
\heavyrulewidth=\dimen286
\lightrulewidth=\dimen287
\cmidrulewidth=\dimen288
\belowrulesep=\dimen289
\belowbottomsep=\dimen290
\aboverulesep=\dimen291
\abovetopsep=\dimen292
\cmidrulesep=\dimen293
\cmidrulekern=\dimen294
\defaultaddspace=\dimen295
\@cmidla=\count445
\@cmidlb=\count446
\@aboverulesep=\dimen296
\@belowrulesep=\dimen297
\@thisruleclass=\count447
\@lastruleclass=\count448
\@thisrulewidth=\dimen298
) (/usr/local/texlive/2024basic/texmf-dist/tex/latex/tools/array.sty
Package: array 2023/10/16 v2.5g Tabular extension package (FMi)
\col@sep=\dimen299
\ar@mcellbox=\box87
\extrarowheight=\dimen300
\NC@list=\toks36
\extratabsurround=\skip79
\backup@length=\skip80
\ar@cellbox=\box88
) (/usr/local/texlive/2024basic/texmf-dist/tex/latex/psnfss/pifont.sty
Package: pifont 2020/03/25 PSNFSS-v9.3 Pi font support (SPQR) 
LaTeX Font Info:    Trying to load font information for U+pzd on input line 63.
 (/usr/local/texlive/2024basic/texmf-dist/tex/latex/psnfss/upzd.fd
File: upzd.fd 2001/06/04 font definitions for U/pzd.
)
LaTeX Font Info:    Trying to load font information for U+psy on input line 64.
 (/usr/local/texlive/2024basic/texmf-dist/tex/latex/psnfss/upsy.fd
File: upsy.fd 2001/06/04 font definitions for U/psy.
)) (/usr/local/texlive/2024basic/texmf-dist/tex/latex/svg/svg.sty
Package: svg 2020/11/26 v2.02k (include SVG pictures)
 (/usr/local/texlive/2024basic/texmf-dist/tex/latex/koma-script/scrbase.sty
Package: scrbase 2023/07/07 v3.41 KOMA-Script package (KOMA-Script-independent basics and keyval usage)
 (/usr/local/texlive/2024basic/texmf-dist/tex/latex/koma-script/scrlfile.sty
Package: scrlfile 2023/07/07 v3.41 KOMA-Script package (file load hooks)
 (/usr/local/texlive/2024basic/texmf-dist/tex/latex/koma-script/scrlfile-hook.sty
Package: scrlfile-hook 2023/07/07 v3.41 KOMA-Script package (using LaTeX hooks)
 (/usr/local/texlive/2024basic/texmf-dist/tex/latex/koma-script/scrlogo.sty
Package: scrlogo 2023/07/07 v3.41 KOMA-Script package (logo)
)))
Applying: [2021/05/01] Usage of raw or classic option list on input line 252.
Already applied: [0000/00/00] Usage of raw or classic option list on input line 368.
) (/usr/local/texlive/2024basic/texmf-dist/tex/latex/trimspaces/trimspaces.sty
Package: trimspaces 2009/09/17 v1.1 Trim spaces around a token list
) (/usr/local/texlive/2024basic/texmf-dist/tex/latex/tools/shellesc.sty
Package: shellesc 2023/07/08 v1.0d unified shell escape interface for LaTeX
Package shellesc Info: Unrestricted shell escape enabled on input line 75.
) (/usr/local/texlive/2024basic/texmf-dist/tex/latex/ifplatform/ifplatform.sty
Package: ifplatform 2017/10/13 v0.4a Testing for the operating system
 (/usr/local/texlive/2024basic/texmf-dist/tex/generic/catchfile/catchfile.sty
Package: catchfile 2019/12/09 v1.8 Catch the contents of a file (HO)
 (/usr/local/texlive/2024basic/texmf-dist/tex/generic/etexcmds/etexcmds.sty
Package: etexcmds 2019/12/15 v1.7 Avoid name clashes with e-TeX commands (HO)
)) (/usr/local/texlive/2024basic/texmf-dist/tex/generic/iftex/ifluatex.sty
Package: ifluatex 2019/10/25 v1.5 ifluatex legacy package. Use iftex instead.
)
runsystem(uname -s > "main.w18")...executed.

 (./main.w18)
runsystem(rm -- "main.w18")...executed.

)
\c@svg@param@lastpage=\count449
\svg@box=\box89
\c@svg@param@currpage=\count450
) (/usr/local/texlive/2024basic/texmf-dist/tex/latex/transparent/transparent.sty
Package: transparent 2022-10-27 v1.5 Transparency with color stacks
 (/usr/local/texlive/2024basic/texmf-dist/tex/latex/transparent/transparent-nometadata.sty
Package: transparent-nometadata 2022-10-27 v1.5 Transparency via pdfTeX's color stack (HO)
))
\@quotelevel=\count451
\@quotereset=\count452
 (./main.aux)
\openout1 = `main.aux'.

LaTeX Font Info:    Checking defaults for OML/cmm/m/it on input line 39.
LaTeX Font Info:    ... okay on input line 39.
LaTeX Font Info:    Checking defaults for OMS/cmsy/m/n on input line 39.
LaTeX Font Info:    ... okay on input line 39.
LaTeX Font Info:    Checking defaults for OT1/cmr/m/n on input line 39.
LaTeX Font Info:    ... okay on input line 39.
LaTeX Font Info:    Checking defaults for T1/cmr/m/n on input line 39.
LaTeX Font Info:    ... okay on input line 39.
LaTeX Font Info:    Checking defaults for TS1/cmr/m/n on input line 39.
LaTeX Font Info:    ... okay on input line 39.
LaTeX Font Info:    Checking defaults for OMX/cmex/m/n on input line 39.
LaTeX Font Info:    ... okay on input line 39.
LaTeX Font Info:    Checking defaults for U/cmr/m/n on input line 39.
LaTeX Font Info:    ... okay on input line 39.
LaTeX Font Info:    Checking defaults for PD1/pdf/m/n on input line 39.
LaTeX Font Info:    ... okay on input line 39.
LaTeX Font Info:    Checking defaults for PU/pdf/m/n on input line 39.
LaTeX Font Info:    ... okay on input line 39.

-- Lines per column: 56 (exact).
(/usr/local/texlive/2024basic/texmf-dist/tex/context/base/mkii/supp-pdf.mkii
[Loading MPS to PDF converter (version 2006.09.02).]
\scratchcounter=\count453
\scratchdimen=\dimen301
\scratchbox=\box90
\nofMPsegments=\count454
\nofMParguments=\count455
\everyMPshowfont=\toks37
\MPscratchCnt=\count456
\MPscratchDim=\dimen302
\MPnumerator=\count457
\makeMPintoPDFobject=\count458
\everyMPtoPDFconversion=\toks38
) (/usr/local/texlive/2024basic/texmf-dist/tex/latex/epstopdf-pkg/epstopdf-base.sty
Package: epstopdf-base 2020-01-24 v2.11 Base part for package epstopdf
Package epstopdf-base Info: Redefining graphics rule for `.eps' on input line 485.
 (/usr/local/texlive/2024basic/texmf-dist/tex/latex/latexconfig/epstopdf-sys.cfg
File: epstopdf-sys.cfg 2010/07/13 v1.3 Configuration of (r)epstopdf for TeX Live
))
Package biblatex Info: Trying to load language 'english'...
Package biblatex Info: ... file 'english.lbx' found.
 (/usr/local/texlive/2024basic/texmf-dist/tex/latex/biblatex/lbx/english.lbx
File: english.lbx 2024/03/21 v3.20 biblatex localization (PK/MW)
)
Package biblatex Info: Input encoding 'utf8' detected.
Package biblatex Info: Automatic encoding selection.
(biblatex)             Assuming data encoding 'utf8'.
\openout4 = `main.bcf'.

Package biblatex Info: Trying to load bibliographic data...
Package biblatex Info: ... file 'main.bbl' found.
 (./main.bbl)
Package biblatex Info: Reference section=0 on input line 39.
Package biblatex Info: Reference segment=0 on input line 39.
Package hyperref Info: Link coloring OFF on input line 39.
 (./main.out) (./main.out)
\@outlinefile=\write5
\openout5 = `main.out'.

LaTeX Font Info:    Trying to load font information for U+msa on input line 58.
 (/usr/local/texlive/2024basic/texmf-dist/tex/latex/amsfonts/umsa.fd
File: umsa.fd 2013/01/14 v3.01 AMS symbols A
)
LaTeX Font Info:    Trying to load font information for U+msb on input line 58.
 (/usr/local/texlive/2024basic/texmf-dist/tex/latex/amsfonts/umsb.fd
File: umsb.fd 2013/01/14 v3.01 AMS symbols B
)
LaTeX Font Info:    Calculating math sizes for size <11> on input line 58.

Underfull \hbox (badness 10000) in paragraph at lines 59--61

 []

LaTeX Font Info:    Trying to load font information for OT1+pcr on input line 75.
(/usr/local/texlive/2024basic/texmf-dist/tex/latex/psnfss/ot1pcr.fd
File: ot1pcr.fd 2001/06/04 font definitions for OT1/pcr.
) [1{/usr/local/texlive/2024basic/texmf-var/fonts/map/pdftex/updmap/pdftex.map}{/usr/local/texlive/2024basic/texmf-dist/fonts/enc/dvips/base/8r.enc}


]
Underfull \hbox (badness 10000) in paragraph at lines 131--132
[]|\OT1/ptm/m/n/8 Message-passing com-mu-ni-ca-tion
 []


Overfull \hbox (0.82202pt too wide) in paragraph at lines 124--140
 [][] 
 []

[2]
LaTeX Font Info:    Trying to load font information for TS1+ptm on input line 153.
 (/usr/local/texlive/2024basic/texmf-dist/tex/latex/psnfss/ts1ptm.fd
File: ts1ptm.fd 2001/06/04 font definitions for TS1/ptm.
)
Package svg Info: Last page of `./svg-inkscape/guardianos_arch_svg-tex.pdf' is 71 on input line 160.
 (./svg-inkscape/guardianos_arch_svg-tex.pdf_tex
<./svg-inkscape/guardianos_arch_svg-tex.pdf, id=100, page=1, 709.10434pt x 492.53413pt>
File: ./svg-inkscape/guardianos_arch_svg-tex.pdf Graphic file (type pdf)
<use ./svg-inkscape/guardianos_arch_svg-tex.pdf, page 1>
Package pdftex.def Info: ./svg-inkscape/guardianos_arch_svg-tex.pdf , page1 used on input line 56.
(pdftex.def)             Requested size: 516.0pt x 358.4196pt.
<./svg-inkscape/guardianos_arch_svg-tex.pdf, id=101, page=2, 709.10434pt x 492.53413pt>
File: ./svg-inkscape/guardianos_arch_svg-tex.pdf Graphic file (type pdf)
<use ./svg-inkscape/guardianos_arch_svg-tex.pdf, page 2>
Package pdftex.def Info: ./svg-inkscape/guardianos_arch_svg-tex.pdf , page2 used on input line 58.
(pdftex.def)             Requested size: 516.0pt x 358.4196pt.
<./svg-inkscape/guardianos_arch_svg-tex.pdf, id=102, page=3, 709.10434pt x 492.53413pt>
File: ./svg-inkscape/guardianos_arch_svg-tex.pdf Graphic file (type pdf)
<use ./svg-inkscape/guardianos_arch_svg-tex.pdf, page 3>
Package pdftex.def Info: ./svg-inkscape/guardianos_arch_svg-tex.pdf , page3 used on input line 60.
(pdftex.def)             Requested size: 516.0pt x 358.4196pt.
<./svg-inkscape/guardianos_arch_svg-tex.pdf, id=103, page=4, 709.10434pt x 492.53413pt>
File: ./svg-inkscape/guardianos_arch_svg-tex.pdf Graphic file (type pdf)
<use ./svg-inkscape/guardianos_arch_svg-tex.pdf, page 4>
Package pdftex.def Info: ./svg-inkscape/guardianos_arch_svg-tex.pdf , page4 used on input line 62.
(pdftex.def)             Requested size: 516.0pt x 358.4196pt.
<./svg-inkscape/guardianos_arch_svg-tex.pdf, id=104, page=5, 709.10434pt x 492.53413pt>
File: ./svg-inkscape/guardianos_arch_svg-tex.pdf Graphic file (type pdf)
<use ./svg-inkscape/guardianos_arch_svg-tex.pdf, page 5>
Package pdftex.def Info: ./svg-inkscape/guardianos_arch_svg-tex.pdf , page5 used on input line 64.
(pdftex.def)             Requested size: 516.0pt x 358.4196pt.
<./svg-inkscape/guardianos_arch_svg-tex.pdf, id=105, page=6, 709.10434pt x 492.53413pt>
File: ./svg-inkscape/guardianos_arch_svg-tex.pdf Graphic file (type pdf)
<use ./svg-inkscape/guardianos_arch_svg-tex.pdf, page 6>
Package pdftex.def Info: ./svg-inkscape/guardianos_arch_svg-tex.pdf , page6 used on input line 66.
(pdftex.def)             Requested size: 516.0pt x 358.4196pt.
<./svg-inkscape/guardianos_arch_svg-tex.pdf, id=106, page=7, 709.10434pt x 492.53413pt>
File: ./svg-inkscape/guardianos_arch_svg-tex.pdf Graphic file (type pdf)
<use ./svg-inkscape/guardianos_arch_svg-tex.pdf, page 7>
Package pdftex.def Info: ./svg-inkscape/guardianos_arch_svg-tex.pdf , page7 used on input line 68.
(pdftex.def)             Requested size: 516.0pt x 358.4196pt.
<./svg-inkscape/guardianos_arch_svg-tex.pdf, id=107, page=8, 709.10434pt x 492.53413pt>
File: ./svg-inkscape/guardianos_arch_svg-tex.pdf Graphic file (type pdf)
<use ./svg-inkscape/guardianos_arch_svg-tex.pdf, page 8>
Package pdftex.def Info: ./svg-inkscape/guardianos_arch_svg-tex.pdf , page8 used on input line 70.
(pdftex.def)             Requested size: 516.0pt x 358.4196pt.
<./svg-inkscape/guardianos_arch_svg-tex.pdf, id=108, page=9, 709.10434pt x 492.53413pt>
File: ./svg-inkscape/guardianos_arch_svg-tex.pdf Graphic file (type pdf)
<use ./svg-inkscape/guardianos_arch_svg-tex.pdf, page 9>
Package pdftex.def Info: ./svg-inkscape/guardianos_arch_svg-tex.pdf , page9 used on input line 72.
(pdftex.def)             Requested size: 516.0pt x 358.4196pt.
<./svg-inkscape/guardianos_arch_svg-tex.pdf, id=109, page=10, 709.10434pt x 492.53413pt>
File: ./svg-inkscape/guardianos_arch_svg-tex.pdf Graphic file (type pdf)
<use ./svg-inkscape/guardianos_arch_svg-tex.pdf, page 10>
Package pdftex.def Info: ./svg-inkscape/guardianos_arch_svg-tex.pdf , page10 used on input line 74.
(pdftex.def)             Requested size: 516.0pt x 358.4196pt.
<./svg-inkscape/guardianos_arch_svg-tex.pdf, id=110, page=11, 709.10434pt x 492.53413pt>
File: ./svg-inkscape/guardianos_arch_svg-tex.pdf Graphic file (type pdf)
<use ./svg-inkscape/guardianos_arch_svg-tex.pdf, page 11>
Package pdftex.def Info: ./svg-inkscape/guardianos_arch_svg-tex.pdf , page11 used on input line 76.
(pdftex.def)             Requested size: 516.0pt x 358.4196pt.
<./svg-inkscape/guardianos_arch_svg-tex.pdf, id=111, page=12, 709.10434pt x 492.53413pt>
File: ./svg-inkscape/guardianos_arch_svg-tex.pdf Graphic file (type pdf)
<use ./svg-inkscape/guardianos_arch_svg-tex.pdf, page 12>
Package pdftex.def Info: ./svg-inkscape/guardianos_arch_svg-tex.pdf , page12 used on input line 78.
(pdftex.def)             Requested size: 516.0pt x 358.4196pt.
<./svg-inkscape/guardianos_arch_svg-tex.pdf, id=112, page=13, 709.10434pt x 492.53413pt>
File: ./svg-inkscape/guardianos_arch_svg-tex.pdf Graphic file (type pdf)
<use ./svg-inkscape/guardianos_arch_svg-tex.pdf, page 13>
Package pdftex.def Info: ./svg-inkscape/guardianos_arch_svg-tex.pdf , page13 used on input line 80.
(pdftex.def)             Requested size: 516.0pt x 358.4196pt.
<./svg-inkscape/guardianos_arch_svg-tex.pdf, id=113, page=14, 709.10434pt x 492.53413pt>
File: ./svg-inkscape/guardianos_arch_svg-tex.pdf Graphic file (type pdf)
<use ./svg-inkscape/guardianos_arch_svg-tex.pdf, page 14>
Package pdftex.def Info: ./svg-inkscape/guardianos_arch_svg-tex.pdf , page14 used on input line 82.
(pdftex.def)             Requested size: 516.0pt x 358.4196pt.
<./svg-inkscape/guardianos_arch_svg-tex.pdf, id=114, page=15, 709.10434pt x 492.53413pt>
File: ./svg-inkscape/guardianos_arch_svg-tex.pdf Graphic file (type pdf)
<use ./svg-inkscape/guardianos_arch_svg-tex.pdf, page 15>
Package pdftex.def Info: ./svg-inkscape/guardianos_arch_svg-tex.pdf , page15 used on input line 84.
(pdftex.def)             Requested size: 516.0pt x 358.4196pt.
<./svg-inkscape/guardianos_arch_svg-tex.pdf, id=115, page=16, 709.10434pt x 492.53413pt>
File: ./svg-inkscape/guardianos_arch_svg-tex.pdf Graphic file (type pdf)
<use ./svg-inkscape/guardianos_arch_svg-tex.pdf, page 16>
Package pdftex.def Info: ./svg-inkscape/guardianos_arch_svg-tex.pdf , page16 used on input line 86.
(pdftex.def)             Requested size: 516.0pt x 358.4196pt.
<./svg-inkscape/guardianos_arch_svg-tex.pdf, id=116, page=17, 709.10434pt x 492.53413pt>
File: ./svg-inkscape/guardianos_arch_svg-tex.pdf Graphic file (type pdf)
<use ./svg-inkscape/guardianos_arch_svg-tex.pdf, page 17>
Package pdftex.def Info: ./svg-inkscape/guardianos_arch_svg-tex.pdf , page17 used on input line 88.
(pdftex.def)             Requested size: 516.0pt x 358.4196pt.
<./svg-inkscape/guardianos_arch_svg-tex.pdf, id=117, page=18, 709.10434pt x 492.53413pt>
File: ./svg-inkscape/guardianos_arch_svg-tex.pdf Graphic file (type pdf)
<use ./svg-inkscape/guardianos_arch_svg-tex.pdf, page 18>
Package pdftex.def Info: ./svg-inkscape/guardianos_arch_svg-tex.pdf , page18 used on input line 90.
(pdftex.def)             Requested size: 516.0pt x 358.4196pt.
<./svg-inkscape/guardianos_arch_svg-tex.pdf, id=118, page=19, 709.10434pt x 492.53413pt>
File: ./svg-inkscape/guardianos_arch_svg-tex.pdf Graphic file (type pdf)
<use ./svg-inkscape/guardianos_arch_svg-tex.pdf, page 19>
Package pdftex.def Info: ./svg-inkscape/guardianos_arch_svg-tex.pdf , page19 used on input line 92.
(pdftex.def)             Requested size: 516.0pt x 358.4196pt.
<./svg-inkscape/guardianos_arch_svg-tex.pdf, id=119, page=20, 709.10434pt x 492.53413pt>
File: ./svg-inkscape/guardianos_arch_svg-tex.pdf Graphic file (type pdf)
<use ./svg-inkscape/guardianos_arch_svg-tex.pdf, page 20>
Package pdftex.def Info: ./svg-inkscape/guardianos_arch_svg-tex.pdf , page20 used on input line 94.
(pdftex.def)             Requested size: 516.0pt x 358.4196pt.
<./svg-inkscape/guardianos_arch_svg-tex.pdf, id=120, page=21, 709.10434pt x 492.53413pt>
File: ./svg-inkscape/guardianos_arch_svg-tex.pdf Graphic file (type pdf)
<use ./svg-inkscape/guardianos_arch_svg-tex.pdf, page 21>
Package pdftex.def Info: ./svg-inkscape/guardianos_arch_svg-tex.pdf , page21 used on input line 96.
(pdftex.def)             Requested size: 516.0pt x 358.4196pt.
<./svg-inkscape/guardianos_arch_svg-tex.pdf, id=121, page=22, 709.10434pt x 492.53413pt>
File: ./svg-inkscape/guardianos_arch_svg-tex.pdf Graphic file (type pdf)
<use ./svg-inkscape/guardianos_arch_svg-tex.pdf, page 22>
Package pdftex.def Info: ./svg-inkscape/guardianos_arch_svg-tex.pdf , page22 used on input line 98.
(pdftex.def)             Requested size: 516.0pt x 358.4196pt.
<./svg-inkscape/guardianos_arch_svg-tex.pdf, id=122, page=23, 709.10434pt x 492.53413pt>
File: ./svg-inkscape/guardianos_arch_svg-tex.pdf Graphic file (type pdf)
<use ./svg-inkscape/guardianos_arch_svg-tex.pdf, page 23>
Package pdftex.def Info: ./svg-inkscape/guardianos_arch_svg-tex.pdf , page23 used on input line 100.
(pdftex.def)             Requested size: 516.0pt x 358.4196pt.
<./svg-inkscape/guardianos_arch_svg-tex.pdf, id=123, page=24, 709.10434pt x 492.53413pt>
File: ./svg-inkscape/guardianos_arch_svg-tex.pdf Graphic file (type pdf)
<use ./svg-inkscape/guardianos_arch_svg-tex.pdf, page 24>
Package pdftex.def Info: ./svg-inkscape/guardianos_arch_svg-tex.pdf , page24 used on input line 102.
(pdftex.def)             Requested size: 516.0pt x 358.4196pt.
<./svg-inkscape/guardianos_arch_svg-tex.pdf, id=124, page=25, 709.10434pt x 492.53413pt>
File: ./svg-inkscape/guardianos_arch_svg-tex.pdf Graphic file (type pdf)
<use ./svg-inkscape/guardianos_arch_svg-tex.pdf, page 25>
Package pdftex.def Info: ./svg-inkscape/guardianos_arch_svg-tex.pdf , page25 used on input line 104.
(pdftex.def)             Requested size: 516.0pt x 358.4196pt.
<./svg-inkscape/guardianos_arch_svg-tex.pdf, id=125, page=26, 709.10434pt x 492.53413pt>
File: ./svg-inkscape/guardianos_arch_svg-tex.pdf Graphic file (type pdf)
<use ./svg-inkscape/guardianos_arch_svg-tex.pdf, page 26>
Package pdftex.def Info: ./svg-inkscape/guardianos_arch_svg-tex.pdf , page26 used on input line 106.
(pdftex.def)             Requested size: 516.0pt x 358.4196pt.
<./svg-inkscape/guardianos_arch_svg-tex.pdf, id=126, page=27, 709.10434pt x 492.53413pt>
File: ./svg-inkscape/guardianos_arch_svg-tex.pdf Graphic file (type pdf)
<use ./svg-inkscape/guardianos_arch_svg-tex.pdf, page 27>
Package pdftex.def Info: ./svg-inkscape/guardianos_arch_svg-tex.pdf , page27 used on input line 108.
(pdftex.def)             Requested size: 516.0pt x 358.4196pt.
<./svg-inkscape/guardianos_arch_svg-tex.pdf, id=127, page=28, 709.10434pt x 492.53413pt>
File: ./svg-inkscape/guardianos_arch_svg-tex.pdf Graphic file (type pdf)
<use ./svg-inkscape/guardianos_arch_svg-tex.pdf, page 28>
Package pdftex.def Info: ./svg-inkscape/guardianos_arch_svg-tex.pdf , page28 used on input line 110.
(pdftex.def)             Requested size: 516.0pt x 358.4196pt.
<./svg-inkscape/guardianos_arch_svg-tex.pdf, id=128, page=29, 709.10434pt x 492.53413pt>
File: ./svg-inkscape/guardianos_arch_svg-tex.pdf Graphic file (type pdf)
<use ./svg-inkscape/guardianos_arch_svg-tex.pdf, page 29>
Package pdftex.def Info: ./svg-inkscape/guardianos_arch_svg-tex.pdf , page29 used on input line 112.
(pdftex.def)             Requested size: 516.0pt x 358.4196pt.
<./svg-inkscape/guardianos_arch_svg-tex.pdf, id=129, page=30, 709.10434pt x 492.53413pt>
File: ./svg-inkscape/guardianos_arch_svg-tex.pdf Graphic file (type pdf)
<use ./svg-inkscape/guardianos_arch_svg-tex.pdf, page 30>
Package pdftex.def Info: ./svg-inkscape/guardianos_arch_svg-tex.pdf , page30 used on input line 114.
(pdftex.def)             Requested size: 516.0pt x 358.4196pt.
<./svg-inkscape/guardianos_arch_svg-tex.pdf, id=130, page=31, 709.10434pt x 492.53413pt>
File: ./svg-inkscape/guardianos_arch_svg-tex.pdf Graphic file (type pdf)
<use ./svg-inkscape/guardianos_arch_svg-tex.pdf, page 31>
Package pdftex.def Info: ./svg-inkscape/guardianos_arch_svg-tex.pdf , page31 used on input line 116.
(pdftex.def)             Requested size: 516.0pt x 358.4196pt.
<./svg-inkscape/guardianos_arch_svg-tex.pdf, id=131, page=32, 709.10434pt x 492.53413pt>
File: ./svg-inkscape/guardianos_arch_svg-tex.pdf Graphic file (type pdf)
<use ./svg-inkscape/guardianos_arch_svg-tex.pdf, page 32>
Package pdftex.def Info: ./svg-inkscape/guardianos_arch_svg-tex.pdf , page32 used on input line 118.
(pdftex.def)             Requested size: 516.0pt x 358.4196pt.
<./svg-inkscape/guardianos_arch_svg-tex.pdf, id=132, page=33, 709.10434pt x 492.53413pt>
File: ./svg-inkscape/guardianos_arch_svg-tex.pdf Graphic file (type pdf)
<use ./svg-inkscape/guardianos_arch_svg-tex.pdf, page 33>
Package pdftex.def Info: ./svg-inkscape/guardianos_arch_svg-tex.pdf , page33 used on input line 120.
(pdftex.def)             Requested size: 516.0pt x 358.4196pt.
<./svg-inkscape/guardianos_arch_svg-tex.pdf, id=133, page=34, 709.10434pt x 492.53413pt>
File: ./svg-inkscape/guardianos_arch_svg-tex.pdf Graphic file (type pdf)
<use ./svg-inkscape/guardianos_arch_svg-tex.pdf, page 34>
Package pdftex.def Info: ./svg-inkscape/guardianos_arch_svg-tex.pdf , page34 used on input line 122.
(pdftex.def)             Requested size: 516.0pt x 358.4196pt.
<./svg-inkscape/guardianos_arch_svg-tex.pdf, id=134, page=35, 709.10434pt x 492.53413pt>
File: ./svg-inkscape/guardianos_arch_svg-tex.pdf Graphic file (type pdf)
<use ./svg-inkscape/guardianos_arch_svg-tex.pdf, page 35>
Package pdftex.def Info: ./svg-inkscape/guardianos_arch_svg-tex.pdf , page35 used on input line 124.
(pdftex.def)             Requested size: 516.0pt x 358.4196pt.
<./svg-inkscape/guardianos_arch_svg-tex.pdf, id=135, page=36, 709.10434pt x 492.53413pt>
File: ./svg-inkscape/guardianos_arch_svg-tex.pdf Graphic file (type pdf)
<use ./svg-inkscape/guardianos_arch_svg-tex.pdf, page 36>
Package pdftex.def Info: ./svg-inkscape/guardianos_arch_svg-tex.pdf , page36 used on input line 126.
(pdftex.def)             Requested size: 516.0pt x 358.4196pt.
<./svg-inkscape/guardianos_arch_svg-tex.pdf, id=136, page=37, 709.10434pt x 492.53413pt>
File: ./svg-inkscape/guardianos_arch_svg-tex.pdf Graphic file (type pdf)
<use ./svg-inkscape/guardianos_arch_svg-tex.pdf, page 37>
Package pdftex.def Info: ./svg-inkscape/guardianos_arch_svg-tex.pdf , page37 used on input line 128.
(pdftex.def)             Requested size: 516.0pt x 358.4196pt.
<./svg-inkscape/guardianos_arch_svg-tex.pdf, id=137, page=38, 709.10434pt x 492.53413pt>
File: ./svg-inkscape/guardianos_arch_svg-tex.pdf Graphic file (type pdf)
<use ./svg-inkscape/guardianos_arch_svg-tex.pdf, page 38>
Package pdftex.def Info: ./svg-inkscape/guardianos_arch_svg-tex.pdf , page38 used on input line 130.
(pdftex.def)             Requested size: 516.0pt x 358.4196pt.
<./svg-inkscape/guardianos_arch_svg-tex.pdf, id=138, page=39, 709.10434pt x 492.53413pt>
File: ./svg-inkscape/guardianos_arch_svg-tex.pdf Graphic file (type pdf)
<use ./svg-inkscape/guardianos_arch_svg-tex.pdf, page 39>
Package pdftex.def Info: ./svg-inkscape/guardianos_arch_svg-tex.pdf , page39 used on input line 132.
(pdftex.def)             Requested size: 516.0pt x 358.4196pt.
<./svg-inkscape/guardianos_arch_svg-tex.pdf, id=139, page=40, 709.10434pt x 492.53413pt>
File: ./svg-inkscape/guardianos_arch_svg-tex.pdf Graphic file (type pdf)
<use ./svg-inkscape/guardianos_arch_svg-tex.pdf, page 40>
Package pdftex.def Info: ./svg-inkscape/guardianos_arch_svg-tex.pdf , page40 used on input line 134.
(pdftex.def)             Requested size: 516.0pt x 358.4196pt.
<./svg-inkscape/guardianos_arch_svg-tex.pdf, id=140, page=41, 709.10434pt x 492.53413pt>
File: ./svg-inkscape/guardianos_arch_svg-tex.pdf Graphic file (type pdf)
<use ./svg-inkscape/guardianos_arch_svg-tex.pdf, page 41>
Package pdftex.def Info: ./svg-inkscape/guardianos_arch_svg-tex.pdf , page41 used on input line 136.
(pdftex.def)             Requested size: 516.0pt x 358.4196pt.
<./svg-inkscape/guardianos_arch_svg-tex.pdf, id=141, page=42, 709.10434pt x 492.53413pt>
File: ./svg-inkscape/guardianos_arch_svg-tex.pdf Graphic file (type pdf)
<use ./svg-inkscape/guardianos_arch_svg-tex.pdf, page 42>
Package pdftex.def Info: ./svg-inkscape/guardianos_arch_svg-tex.pdf , page42 used on input line 138.
(pdftex.def)             Requested size: 516.0pt x 358.4196pt.
<./svg-inkscape/guardianos_arch_svg-tex.pdf, id=142, page=43, 709.10434pt x 492.53413pt>
File: ./svg-inkscape/guardianos_arch_svg-tex.pdf Graphic file (type pdf)
<use ./svg-inkscape/guardianos_arch_svg-tex.pdf, page 43>
Package pdftex.def Info: ./svg-inkscape/guardianos_arch_svg-tex.pdf , page43 used on input line 140.
(pdftex.def)             Requested size: 516.0pt x 358.4196pt.
<./svg-inkscape/guardianos_arch_svg-tex.pdf, id=143, page=44, 709.10434pt x 492.53413pt>
File: ./svg-inkscape/guardianos_arch_svg-tex.pdf Graphic file (type pdf)
<use ./svg-inkscape/guardianos_arch_svg-tex.pdf, page 44>
Package pdftex.def Info: ./svg-inkscape/guardianos_arch_svg-tex.pdf , page44 used on input line 142.
(pdftex.def)             Requested size: 516.0pt x 358.4196pt.
<./svg-inkscape/guardianos_arch_svg-tex.pdf, id=144, page=45, 709.10434pt x 492.53413pt>
File: ./svg-inkscape/guardianos_arch_svg-tex.pdf Graphic file (type pdf)
<use ./svg-inkscape/guardianos_arch_svg-tex.pdf, page 45>
Package pdftex.def Info: ./svg-inkscape/guardianos_arch_svg-tex.pdf , page45 used on input line 144.
(pdftex.def)             Requested size: 516.0pt x 358.4196pt.
<./svg-inkscape/guardianos_arch_svg-tex.pdf, id=145, page=46, 709.10434pt x 492.53413pt>
File: ./svg-inkscape/guardianos_arch_svg-tex.pdf Graphic file (type pdf)
<use ./svg-inkscape/guardianos_arch_svg-tex.pdf, page 46>
Package pdftex.def Info: ./svg-inkscape/guardianos_arch_svg-tex.pdf , page46 used on input line 146.
(pdftex.def)             Requested size: 516.0pt x 358.4196pt.
<./svg-inkscape/guardianos_arch_svg-tex.pdf, id=146, page=47, 709.10434pt x 492.53413pt>
File: ./svg-inkscape/guardianos_arch_svg-tex.pdf Graphic file (type pdf)
<use ./svg-inkscape/guardianos_arch_svg-tex.pdf, page 47>
Package pdftex.def Info: ./svg-inkscape/guardianos_arch_svg-tex.pdf , page47 used on input line 148.
(pdftex.def)             Requested size: 516.0pt x 358.4196pt.
<./svg-inkscape/guardianos_arch_svg-tex.pdf, id=147, page=48, 709.10434pt x 492.53413pt>
File: ./svg-inkscape/guardianos_arch_svg-tex.pdf Graphic file (type pdf)
<use ./svg-inkscape/guardianos_arch_svg-tex.pdf, page 48>
Package pdftex.def Info: ./svg-inkscape/guardianos_arch_svg-tex.pdf , page48 used on input line 150.
(pdftex.def)             Requested size: 516.0pt x 358.4196pt.
<./svg-inkscape/guardianos_arch_svg-tex.pdf, id=148, page=49, 709.10434pt x 492.53413pt>
File: ./svg-inkscape/guardianos_arch_svg-tex.pdf Graphic file (type pdf)
<use ./svg-inkscape/guardianos_arch_svg-tex.pdf, page 49>
Package pdftex.def Info: ./svg-inkscape/guardianos_arch_svg-tex.pdf , page49 used on input line 152.
(pdftex.def)             Requested size: 516.0pt x 358.4196pt.
<./svg-inkscape/guardianos_arch_svg-tex.pdf, id=149, page=50, 709.10434pt x 492.53413pt>
File: ./svg-inkscape/guardianos_arch_svg-tex.pdf Graphic file (type pdf)
<use ./svg-inkscape/guardianos_arch_svg-tex.pdf, page 50>
Package pdftex.def Info: ./svg-inkscape/guardianos_arch_svg-tex.pdf , page50 used on input line 154.
(pdftex.def)             Requested size: 516.0pt x 358.4196pt.
<./svg-inkscape/guardianos_arch_svg-tex.pdf, id=150, page=51, 709.10434pt x 492.53413pt>
File: ./svg-inkscape/guardianos_arch_svg-tex.pdf Graphic file (type pdf)
<use ./svg-inkscape/guardianos_arch_svg-tex.pdf, page 51>
Package pdftex.def Info: ./svg-inkscape/guardianos_arch_svg-tex.pdf , page51 used on input line 156.
(pdftex.def)             Requested size: 516.0pt x 358.4196pt.
<./svg-inkscape/guardianos_arch_svg-tex.pdf, id=151, page=52, 709.10434pt x 492.53413pt>
File: ./svg-inkscape/guardianos_arch_svg-tex.pdf Graphic file (type pdf)
<use ./svg-inkscape/guardianos_arch_svg-tex.pdf, page 52>
Package pdftex.def Info: ./svg-inkscape/guardianos_arch_svg-tex.pdf , page52 used on input line 158.
(pdftex.def)             Requested size: 516.0pt x 358.4196pt.
<./svg-inkscape/guardianos_arch_svg-tex.pdf, id=152, page=53, 709.10434pt x 492.53413pt>
File: ./svg-inkscape/guardianos_arch_svg-tex.pdf Graphic file (type pdf)
<use ./svg-inkscape/guardianos_arch_svg-tex.pdf, page 53>
Package pdftex.def Info: ./svg-inkscape/guardianos_arch_svg-tex.pdf , page53 used on input line 160.
(pdftex.def)             Requested size: 516.0pt x 358.4196pt.
<./svg-inkscape/guardianos_arch_svg-tex.pdf, id=153, page=54, 709.10434pt x 492.53413pt>
File: ./svg-inkscape/guardianos_arch_svg-tex.pdf Graphic file (type pdf)
<use ./svg-inkscape/guardianos_arch_svg-tex.pdf, page 54>
Package pdftex.def Info: ./svg-inkscape/guardianos_arch_svg-tex.pdf , page54 used on input line 162.
(pdftex.def)             Requested size: 516.0pt x 358.4196pt.
<./svg-inkscape/guardianos_arch_svg-tex.pdf, id=154, page=55, 709.10434pt x 492.53413pt>
File: ./svg-inkscape/guardianos_arch_svg-tex.pdf Graphic file (type pdf)
<use ./svg-inkscape/guardianos_arch_svg-tex.pdf, page 55>
Package pdftex.def Info: ./svg-inkscape/guardianos_arch_svg-tex.pdf , page55 used on input line 164.
(pdftex.def)             Requested size: 516.0pt x 358.4196pt.
<./svg-inkscape/guardianos_arch_svg-tex.pdf, id=155, page=56, 709.10434pt x 492.53413pt>
File: ./svg-inkscape/guardianos_arch_svg-tex.pdf Graphic file (type pdf)
<use ./svg-inkscape/guardianos_arch_svg-tex.pdf, page 56>
Package pdftex.def Info: ./svg-inkscape/guardianos_arch_svg-tex.pdf , page56 used on input line 166.
(pdftex.def)             Requested size: 516.0pt x 358.4196pt.
<./svg-inkscape/guardianos_arch_svg-tex.pdf, id=156, page=57, 709.10434pt x 492.53413pt>
File: ./svg-inkscape/guardianos_arch_svg-tex.pdf Graphic file (type pdf)
<use ./svg-inkscape/guardianos_arch_svg-tex.pdf, page 57>
Package pdftex.def Info: ./svg-inkscape/guardianos_arch_svg-tex.pdf , page57 used on input line 168.
(pdftex.def)             Requested size: 516.0pt x 358.4196pt.
<./svg-inkscape/guardianos_arch_svg-tex.pdf, id=157, page=58, 709.10434pt x 492.53413pt>
File: ./svg-inkscape/guardianos_arch_svg-tex.pdf Graphic file (type pdf)
<use ./svg-inkscape/guardianos_arch_svg-tex.pdf, page 58>
Package pdftex.def Info: ./svg-inkscape/guardianos_arch_svg-tex.pdf , page58 used on input line 170.
(pdftex.def)             Requested size: 516.0pt x 358.4196pt.
<./svg-inkscape/guardianos_arch_svg-tex.pdf, id=158, page=59, 709.10434pt x 492.53413pt>
File: ./svg-inkscape/guardianos_arch_svg-tex.pdf Graphic file (type pdf)
<use ./svg-inkscape/guardianos_arch_svg-tex.pdf, page 59>
Package pdftex.def Info: ./svg-inkscape/guardianos_arch_svg-tex.pdf , page59 used on input line 172.
(pdftex.def)             Requested size: 516.0pt x 358.4196pt.
<./svg-inkscape/guardianos_arch_svg-tex.pdf, id=159, page=60, 709.10434pt x 492.53413pt>
File: ./svg-inkscape/guardianos_arch_svg-tex.pdf Graphic file (type pdf)
<use ./svg-inkscape/guardianos_arch_svg-tex.pdf, page 60>
Package pdftex.def Info: ./svg-inkscape/guardianos_arch_svg-tex.pdf , page60 used on input line 174.
(pdftex.def)             Requested size: 516.0pt x 358.4196pt.
<./svg-inkscape/guardianos_arch_svg-tex.pdf, id=160, page=61, 709.10434pt x 492.53413pt>
File: ./svg-inkscape/guardianos_arch_svg-tex.pdf Graphic file (type pdf)
<use ./svg-inkscape/guardianos_arch_svg-tex.pdf, page 61>
Package pdftex.def Info: ./svg-inkscape/guardianos_arch_svg-tex.pdf , page61 used on input line 176.
(pdftex.def)             Requested size: 516.0pt x 358.4196pt.
<./svg-inkscape/guardianos_arch_svg-tex.pdf, id=161, page=62, 709.10434pt x 492.53413pt>
File: ./svg-inkscape/guardianos_arch_svg-tex.pdf Graphic file (type pdf)
<use ./svg-inkscape/guardianos_arch_svg-tex.pdf, page 62>
Package pdftex.def Info: ./svg-inkscape/guardianos_arch_svg-tex.pdf , page62 used on input line 178.
(pdftex.def)             Requested size: 516.0pt x 358.4196pt.
<./svg-inkscape/guardianos_arch_svg-tex.pdf, id=162, page=63, 709.10434pt x 492.53413pt>
File: ./svg-inkscape/guardianos_arch_svg-tex.pdf Graphic file (type pdf)
<use ./svg-inkscape/guardianos_arch_svg-tex.pdf, page 63>
Package pdftex.def Info: ./svg-inkscape/guardianos_arch_svg-tex.pdf , page63 used on input line 180.
(pdftex.def)             Requested size: 516.0pt x 358.4196pt.
<./svg-inkscape/guardianos_arch_svg-tex.pdf, id=163, page=64, 709.10434pt x 492.53413pt>
File: ./svg-inkscape/guardianos_arch_svg-tex.pdf Graphic file (type pdf)
<use ./svg-inkscape/guardianos_arch_svg-tex.pdf, page 64>
Package pdftex.def Info: ./svg-inkscape/guardianos_arch_svg-tex.pdf , page64 used on input line 182.
(pdftex.def)             Requested size: 516.0pt x 358.4196pt.
<./svg-inkscape/guardianos_arch_svg-tex.pdf, id=164, page=65, 709.10434pt x 492.53413pt>
File: ./svg-inkscape/guardianos_arch_svg-tex.pdf Graphic file (type pdf)
<use ./svg-inkscape/guardianos_arch_svg-tex.pdf, page 65>
Package pdftex.def Info: ./svg-inkscape/guardianos_arch_svg-tex.pdf , page65 used on input line 184.
(pdftex.def)             Requested size: 516.0pt x 358.4196pt.
<./svg-inkscape/guardianos_arch_svg-tex.pdf, id=165, page=66, 709.10434pt x 492.53413pt>
File: ./svg-inkscape/guardianos_arch_svg-tex.pdf Graphic file (type pdf)
<use ./svg-inkscape/guardianos_arch_svg-tex.pdf, page 66>
Package pdftex.def Info: ./svg-inkscape/guardianos_arch_svg-tex.pdf , page66 used on input line 186.
(pdftex.def)             Requested size: 516.0pt x 358.4196pt.
<./svg-inkscape/guardianos_arch_svg-tex.pdf, id=166, page=67, 709.10434pt x 492.53413pt>
File: ./svg-inkscape/guardianos_arch_svg-tex.pdf Graphic file (type pdf)
<use ./svg-inkscape/guardianos_arch_svg-tex.pdf, page 67>
Package pdftex.def Info: ./svg-inkscape/guardianos_arch_svg-tex.pdf , page67 used on input line 188.
(pdftex.def)             Requested size: 516.0pt x 358.4196pt.
<./svg-inkscape/guardianos_arch_svg-tex.pdf, id=167, page=68, 709.10434pt x 492.53413pt>
File: ./svg-inkscape/guardianos_arch_svg-tex.pdf Graphic file (type pdf)
<use ./svg-inkscape/guardianos_arch_svg-tex.pdf, page 68>
Package pdftex.def Info: ./svg-inkscape/guardianos_arch_svg-tex.pdf , page68 used on input line 190.
(pdftex.def)             Requested size: 516.0pt x 358.4196pt.
<./svg-inkscape/guardianos_arch_svg-tex.pdf, id=168, page=69, 709.10434pt x 492.53413pt>
File: ./svg-inkscape/guardianos_arch_svg-tex.pdf Graphic file (type pdf)
<use ./svg-inkscape/guardianos_arch_svg-tex.pdf, page 69>
Package pdftex.def Info: ./svg-inkscape/guardianos_arch_svg-tex.pdf , page69 used on input line 192.
(pdftex.def)             Requested size: 516.0pt x 358.4196pt.
<./svg-inkscape/guardianos_arch_svg-tex.pdf, id=169, page=70, 709.10434pt x 492.53413pt>
File: ./svg-inkscape/guardianos_arch_svg-tex.pdf Graphic file (type pdf)
<use ./svg-inkscape/guardianos_arch_svg-tex.pdf, page 70>
Package pdftex.def Info: ./svg-inkscape/guardianos_arch_svg-tex.pdf , page70 used on input line 194.
(pdftex.def)             Requested size: 516.0pt x 358.4196pt.
<./svg-inkscape/guardianos_arch_svg-tex.pdf, id=170, page=71, 709.10434pt x 492.53413pt>
File: ./svg-inkscape/guardianos_arch_svg-tex.pdf Graphic file (type pdf)
<use ./svg-inkscape/guardianos_arch_svg-tex.pdf, page 71>
Package pdftex.def Info: ./svg-inkscape/guardianos_arch_svg-tex.pdf , page71 used on input line 196.
(pdftex.def)             Requested size: 516.0pt x 358.4196pt.
) [3]
Underfull \vbox (badness 10000) has occurred while \output is active []

 [4 <./svg-inkscape/guardianos_arch_svg-tex.pdf> <./svg-inkscape/guardianos_arch_svg-tex.pdf

pdfTeX warning: pdflatex (file ./svg-inkscape/guardianos_arch_svg-tex.pdf): PDF inclusion: multiple pdfs with page group included in a single page
> <./svg-inkscape/guardianos_arch_svg-tex.pdf

pdfTeX warning: pdflatex (file ./svg-inkscape/guardianos_arch_svg-tex.pdf): PDF inclusion: multiple pdfs with page group included in a single page
> <./svg-inkscape/guardianos_arch_svg-tex.pdf

pdfTeX warning: pdflatex (file ./svg-inkscape/guardianos_arch_svg-tex.pdf): PDF inclusion: multiple pdfs with page group included in a single page
> <./svg-inkscape/guardianos_arch_svg-tex.pdf

pdfTeX warning: pdflatex (file ./svg-inkscape/guardianos_arch_svg-tex.pdf): PDF inclusion: multiple pdfs with page group included in a single page
> <./svg-inkscape/guardianos_arch_svg-tex.pdf

pdfTeX warning: pdflatex (file ./svg-inkscape/guardianos_arch_svg-tex.pdf): PDF inclusion: multiple pdfs with page group included in a single page
> <./svg-inkscape/guardianos_arch_svg-tex.pdf

pdfTeX warning: pdflatex (file ./svg-inkscape/guardianos_arch_svg-tex.pdf): PDF inclusion: multiple pdfs with page group included in a single page
> <./svg-inkscape/guardianos_arch_svg-tex.pdf

pdfTeX warning: pdflatex (file ./svg-inkscape/guardianos_arch_svg-tex.pdf): PDF inclusion: multiple pdfs with page group included in a single page
> <./svg-inkscape/guardianos_arch_svg-tex.pdf

pdfTeX warning: pdflatex (file ./svg-inkscape/guardianos_arch_svg-tex.pdf): PDF inclusion: multiple pdfs with page group included in a single page
> <./svg-inkscape/guardianos_arch_svg-tex.pdf

pdfTeX warning: pdflatex (file ./svg-inkscape/guardianos_arch_svg-tex.pdf): PDF inclusion: multiple pdfs with page group included in a single page
> <./svg-inkscape/guardianos_arch_svg-tex.pdf

pdfTeX warning: pdflatex (file ./svg-inkscape/guardianos_arch_svg-tex.pdf): PDF inclusion: multiple pdfs with page group included in a single page
> <./svg-inkscape/guardianos_arch_svg-tex.pdf

pdfTeX warning: pdflatex (file ./svg-inkscape/guardianos_arch_svg-tex.pdf): PDF inclusion: multiple pdfs with page group included in a single page
> <./svg-inkscape/guardianos_arch_svg-tex.pdf

pdfTeX warning: pdflatex (file ./svg-inkscape/guardianos_arch_svg-tex.pdf): PDF inclusion: multiple pdfs with page group included in a single page
> <./svg-inkscape/guardianos_arch_svg-tex.pdf

pdfTeX warning: pdflatex (file ./svg-inkscape/guardianos_arch_svg-tex.pdf): PDF inclusion: multiple pdfs with page group included in a single page
> <./svg-inkscape/guardianos_arch_svg-tex.pdf

pdfTeX warning: pdflatex (file ./svg-inkscape/guardianos_arch_svg-tex.pdf): PDF inclusion: multiple pdfs with page group included in a single page
> <./svg-inkscape/guardianos_arch_svg-tex.pdf

pdfTeX warning: pdflatex (file ./svg-inkscape/guardianos_arch_svg-tex.pdf): PDF inclusion: multiple pdfs with page group included in a single page
> <./svg-inkscape/guardianos_arch_svg-tex.pdf

pdfTeX warning: pdflatex (file ./svg-inkscape/guardianos_arch_svg-tex.pdf): PDF inclusion: multiple pdfs with page group included in a single page
> <./svg-inkscape/guardianos_arch_svg-tex.pdf

pdfTeX warning: pdflatex (file ./svg-inkscape/guardianos_arch_svg-tex.pdf): PDF inclusion: multiple pdfs with page group included in a single page
> <./svg-inkscape/guardianos_arch_svg-tex.pdf

pdfTeX warning: pdflatex (file ./svg-inkscape/guardianos_arch_svg-tex.pdf): PDF inclusion: multiple pdfs with page group included in a single page
> <./svg-inkscape/guardianos_arch_svg-tex.pdf

pdfTeX warning: pdflatex (file ./svg-inkscape/guardianos_arch_svg-tex.pdf): PDF inclusion: multiple pdfs with page group included in a single page
> <./svg-inkscape/guardianos_arch_svg-tex.pdf

pdfTeX warning: pdflatex (file ./svg-inkscape/guardianos_arch_svg-tex.pdf): PDF inclusion: multiple pdfs with page group included in a single page
> <./svg-inkscape/guardianos_arch_svg-tex.pdf

pdfTeX warning: pdflatex (file ./svg-inkscape/guardianos_arch_svg-tex.pdf): PDF inclusion: multiple pdfs with page group included in a single page
> <./svg-inkscape/guardianos_arch_svg-tex.pdf

pdfTeX warning: pdflatex (file ./svg-inkscape/guardianos_arch_svg-tex.pdf): PDF inclusion: multiple pdfs with page group included in a single page
> <./svg-inkscape/guardianos_arch_svg-tex.pdf

pdfTeX warning: pdflatex (file ./svg-inkscape/guardianos_arch_svg-tex.pdf): PDF inclusion: multiple pdfs with page group included in a single page
> <./svg-inkscape/guardianos_arch_svg-tex.pdf

pdfTeX warning: pdflatex (file ./svg-inkscape/guardianos_arch_svg-tex.pdf): PDF inclusion: multiple pdfs with page group included in a single page
> <./svg-inkscape/guardianos_arch_svg-tex.pdf

pdfTeX warning: pdflatex (file ./svg-inkscape/guardianos_arch_svg-tex.pdf): PDF inclusion: multiple pdfs with page group included in a single page
> <./svg-inkscape/guardianos_arch_svg-tex.pdf

pdfTeX warning: pdflatex (file ./svg-inkscape/guardianos_arch_svg-tex.pdf): PDF inclusion: multiple pdfs with page group included in a single page
> <./svg-inkscape/guardianos_arch_svg-tex.pdf

pdfTeX warning: pdflatex (file ./svg-inkscape/guardianos_arch_svg-tex.pdf): PDF inclusion: multiple pdfs with page group included in a single page
> <./svg-inkscape/guardianos_arch_svg-tex.pdf

pdfTeX warning: pdflatex (file ./svg-inkscape/guardianos_arch_svg-tex.pdf): PDF inclusion: multiple pdfs with page group included in a single page
> <./svg-inkscape/guardianos_arch_svg-tex.pdf

pdfTeX warning: pdflatex (file ./svg-inkscape/guardianos_arch_svg-tex.pdf): PDF inclusion: multiple pdfs with page group included in a single page
> <./svg-inkscape/guardianos_arch_svg-tex.pdf

pdfTeX warning: pdflatex (file ./svg-inkscape/guardianos_arch_svg-tex.pdf): PDF inclusion: multiple pdfs with page group included in a single page
> <./svg-inkscape/guardianos_arch_svg-tex.pdf

pdfTeX warning: pdflatex (file ./svg-inkscape/guardianos_arch_svg-tex.pdf): PDF inclusion: multiple pdfs with page group included in a single page
> <./svg-inkscape/guardianos_arch_svg-tex.pdf

pdfTeX warning: pdflatex (file ./svg-inkscape/guardianos_arch_svg-tex.pdf): PDF inclusion: multiple pdfs with page group included in a single page
> <./svg-inkscape/guardianos_arch_svg-tex.pdf

pdfTeX warning: pdflatex (file ./svg-inkscape/guardianos_arch_svg-tex.pdf): PDF inclusion: multiple pdfs with page group included in a single page
> <./svg-inkscape/guardianos_arch_svg-tex.pdf

pdfTeX warning: pdflatex (file ./svg-inkscape/guardianos_arch_svg-tex.pdf): PDF inclusion: multiple pdfs with page group included in a single page
> <./svg-inkscape/guardianos_arch_svg-tex.pdf

pdfTeX warning: pdflatex (file ./svg-inkscape/guardianos_arch_svg-tex.pdf): PDF inclusion: multiple pdfs with page group included in a single page
> <./svg-inkscape/guardianos_arch_svg-tex.pdf

pdfTeX warning: pdflatex (file ./svg-inkscape/guardianos_arch_svg-tex.pdf): PDF inclusion: multiple pdfs with page group included in a single page
> <./svg-inkscape/guardianos_arch_svg-tex.pdf

pdfTeX warning: pdflatex (file ./svg-inkscape/guardianos_arch_svg-tex.pdf): PDF inclusion: multiple pdfs with page group included in a single page
> <./svg-inkscape/guardianos_arch_svg-tex.pdf

pdfTeX warning: pdflatex (file ./svg-inkscape/guardianos_arch_svg-tex.pdf): PDF inclusion: multiple pdfs with page group included in a single page
> <./svg-inkscape/guardianos_arch_svg-tex.pdf

pdfTeX warning: pdflatex (file ./svg-inkscape/guardianos_arch_svg-tex.pdf): PDF inclusion: multiple pdfs with page group included in a single page
> <./svg-inkscape/guardianos_arch_svg-tex.pdf

pdfTeX warning: pdflatex (file ./svg-inkscape/guardianos_arch_svg-tex.pdf): PDF inclusion: multiple pdfs with page group included in a single page
> <./svg-inkscape/guardianos_arch_svg-tex.pdf

pdfTeX warning: pdflatex (file ./svg-inkscape/guardianos_arch_svg-tex.pdf): PDF inclusion: multiple pdfs with page group included in a single page
> <./svg-inkscape/guardianos_arch_svg-tex.pdf

pdfTeX warning: pdflatex (file ./svg-inkscape/guardianos_arch_svg-tex.pdf): PDF inclusion: multiple pdfs with page group included in a single page
> <./svg-inkscape/guardianos_arch_svg-tex.pdf

pdfTeX warning: pdflatex (file ./svg-inkscape/guardianos_arch_svg-tex.pdf): PDF inclusion: multiple pdfs with page group included in a single page
> <./svg-inkscape/guardianos_arch_svg-tex.pdf

pdfTeX warning: pdflatex (file ./svg-inkscape/guardianos_arch_svg-tex.pdf): PDF inclusion: multiple pdfs with page group included in a single page
> <./svg-inkscape/guardianos_arch_svg-tex.pdf

pdfTeX warning: pdflatex (file ./svg-inkscape/guardianos_arch_svg-tex.pdf): PDF inclusion: multiple pdfs with page group included in a single page
> <./svg-inkscape/guardianos_arch_svg-tex.pdf

pdfTeX warning: pdflatex (file ./svg-inkscape/guardianos_arch_svg-tex.pdf): PDF inclusion: multiple pdfs with page group included in a single page
> <./svg-inkscape/guardianos_arch_svg-tex.pdf

pdfTeX warning: pdflatex (file ./svg-inkscape/guardianos_arch_svg-tex.pdf): PDF inclusion: multiple pdfs with page group included in a single page
> <./svg-inkscape/guardianos_arch_svg-tex.pdf

pdfTeX warning: pdflatex (file ./svg-inkscape/guardianos_arch_svg-tex.pdf): PDF inclusion: multiple pdfs with page group included in a single page
> <./svg-inkscape/guardianos_arch_svg-tex.pdf

pdfTeX warning: pdflatex (file ./svg-inkscape/guardianos_arch_svg-tex.pdf): PDF inclusion: multiple pdfs with page group included in a single page
> <./svg-inkscape/guardianos_arch_svg-tex.pdf

pdfTeX warning: pdflatex (file ./svg-inkscape/guardianos_arch_svg-tex.pdf): PDF inclusion: multiple pdfs with page group included in a single page
> <./svg-inkscape/guardianos_arch_svg-tex.pdf

pdfTeX warning: pdflatex (file ./svg-inkscape/guardianos_arch_svg-tex.pdf): PDF inclusion: multiple pdfs with page group included in a single page
> <./svg-inkscape/guardianos_arch_svg-tex.pdf

pdfTeX warning: pdflatex (file ./svg-inkscape/guardianos_arch_svg-tex.pdf): PDF inclusion: multiple pdfs with page group included in a single page
> <./svg-inkscape/guardianos_arch_svg-tex.pdf

pdfTeX warning: pdflatex (file ./svg-inkscape/guardianos_arch_svg-tex.pdf): PDF inclusion: multiple pdfs with page group included in a single page
> <./svg-inkscape/guardianos_arch_svg-tex.pdf

pdfTeX warning: pdflatex (file ./svg-inkscape/guardianos_arch_svg-tex.pdf): PDF inclusion: multiple pdfs with page group included in a single page
> <./svg-inkscape/guardianos_arch_svg-tex.pdf

pdfTeX warning: pdflatex (file ./svg-inkscape/guardianos_arch_svg-tex.pdf): PDF inclusion: multiple pdfs with page group included in a single page
> <./svg-inkscape/guardianos_arch_svg-tex.pdf

pdfTeX warning: pdflatex (file ./svg-inkscape/guardianos_arch_svg-tex.pdf): PDF inclusion: multiple pdfs with page group included in a single page
> <./svg-inkscape/guardianos_arch_svg-tex.pdf

pdfTeX warning: pdflatex (file ./svg-inkscape/guardianos_arch_svg-tex.pdf): PDF inclusion: multiple pdfs with page group included in a single page
> <./svg-inkscape/guardianos_arch_svg-tex.pdf

pdfTeX warning: pdflatex (file ./svg-inkscape/guardianos_arch_svg-tex.pdf): PDF inclusion: multiple pdfs with page group included in a single page
> <./svg-inkscape/guardianos_arch_svg-tex.pdf

pdfTeX warning: pdflatex (file ./svg-inkscape/guardianos_arch_svg-tex.pdf): PDF inclusion: multiple pdfs with page group included in a single page
> <./svg-inkscape/guardianos_arch_svg-tex.pdf

pdfTeX warning: pdflatex (file ./svg-inkscape/guardianos_arch_svg-tex.pdf): PDF inclusion: multiple pdfs with page group included in a single page
> <./svg-inkscape/guardianos_arch_svg-tex.pdf

pdfTeX warning: pdflatex (file ./svg-inkscape/guardianos_arch_svg-tex.pdf): PDF inclusion: multiple pdfs with page group included in a single page
> <./svg-inkscape/guardianos_arch_svg-tex.pdf

pdfTeX warning: pdflatex (file ./svg-inkscape/guardianos_arch_svg-tex.pdf): PDF inclusion: multiple pdfs with page group included in a single page
> <./svg-inkscape/guardianos_arch_svg-tex.pdf

pdfTeX warning: pdflatex (file ./svg-inkscape/guardianos_arch_svg-tex.pdf): PDF inclusion: multiple pdfs with page group included in a single page
> <./svg-inkscape/guardianos_arch_svg-tex.pdf

pdfTeX warning: pdflatex (file ./svg-inkscape/guardianos_arch_svg-tex.pdf): PDF inclusion: multiple pdfs with page group included in a single page
> <./svg-inkscape/guardianos_arch_svg-tex.pdf

pdfTeX warning: pdflatex (file ./svg-inkscape/guardianos_arch_svg-tex.pdf): PDF inclusion: multiple pdfs with page group included in a single page
> <./svg-inkscape/guardianos_arch_svg-tex.pdf

pdfTeX warning: pdflatex (file ./svg-inkscape/guardianos_arch_svg-tex.pdf): PDF inclusion: multiple pdfs with page group included in a single page
> <./svg-inkscape/guardianos_arch_svg-tex.pdf

pdfTeX warning: pdflatex (file ./svg-inkscape/guardianos_arch_svg-tex.pdf): PDF inclusion: multiple pdfs with page group included in a single page
> <./svg-inkscape/guardianos_arch_svg-tex.pdf

pdfTeX warning: pdflatex (file ./svg-inkscape/guardianos_arch_svg-tex.pdf): PDF inclusion: multiple pdfs with page group included in a single page
> <./svg-inkscape/guardianos_arch_svg-tex.pdf

pdfTeX warning: pdflatex (file ./svg-inkscape/guardianos_arch_svg-tex.pdf): PDF inclusion: multiple pdfs with page group included in a single page
> <./svg-inkscape/guardianos_arch_svg-tex.pdf

pdfTeX warning: pdflatex (file ./svg-inkscape/guardianos_arch_svg-tex.pdf): PDF inclusion: multiple pdfs with page group included in a single page
>] [5]
Underfull \hbox (badness 1472) in paragraph at lines 222--222
[]\OT1/ptm/m/n/10 Ferdinand Brasser et al. ``SANC-TU-ARY: ARM-ing
 []


Underfull \hbox (badness 10000) in paragraph at lines 222--222
[]\OT1/ptm/m/n/10 J[]ames M[]en[]etrey et al. \OT1/ptm/m/it/10 At-tes-ta-tion Mech-a-nisms
 []


Underfull \hbox (badness 7451) in paragraph at lines 222--222
\OT1/ptm/m/it/10 for Trusted Ex-e-cu-tion En-vi-ron-ments De-mys-ti-fied\OT1/ptm/m/n/10 .
 []


Underfull \hbox (badness 1874) in paragraph at lines 222--222
[]\OT1/ptm/m/n/10 Moritz Schnei-der et al. \OT1/ptm/m/it/10 SoK: Hardware-supported
 []


Underfull \hbox (badness 2042) in paragraph at lines 222--222
\OT1/ptm/m/it/10 Trusted Ex-e-cu-tion En-vi-ron-ments\OT1/ptm/m/n/10 . arXiv:2205.12742.
 []


Underfull \hbox (badness 7433) in paragraph at lines 222--222
[]\OT1/ptm/m/it/10 System-On-Chip (Soc) Mar-ket Size, Anal-y-sis &
 []


Underfull \hbox (badness 5726) in paragraph at lines 222--222
\OT1/ptm/m/it/10 Growth By 2032\OT1/ptm/m/n/10 . en. \OT1/ptm/m/sc/10 url\OT1/ptm/m/n/10 : []$https : / / www .
 []


** Conference Paper **
Before submitting the final camera ready copy, remember to:

 1. Manually equalize the lengths of two columns on the last page
 of your paper;

 2. Ensure that any PostScript and/or PDF output post-processing
 uses only Type 1 fonts and that every step in the generation
 process uses the appropriate paper size.

[6] (./main.aux)
 ***********
LaTeX2e <2023-11-01> patch level 1
L3 programming layer <2024-02-20>
 ***********
Package rerunfilecheck Info: File `main.out' has not changed.
(rerunfilecheck)             Checksum: 66E53085331070098808281874186A07;1786.
Package logreq Info: Writing requests to 'main.run.xml'.
\openout1 = `main.run.xml'.

 ) 
Here is how much of TeX's memory you used:
 32413 strings out of 475567
 658429 string characters out of 5777889
 1973187 words of memory out of 5000000
 53990 multiletter control sequences out of 15000+600000
 607591 words of font info for 134 fonts, out of 8000000 for 9000
 319 hyphenation exceptions out of 8191
 94i,19n,93p,2345b,1518s stack positions out of 10000i,1000n,20000p,200000b,200000s
</usr/local/texlive/2024basic/texmf-dist/fonts/type1/public/amsfonts/cm/cmmi7.pfb></usr/local/texlive/2024basic/texmf-dist/fonts/type1/public/amsfonts/cm/cmr7.pfb></usr/local/texlive/2024basic/texmf-dist/fonts/type1/public/amsfonts/cm/cmsy10.pfb></usr/local/texlive/2024basic/texmf-dist/fonts/type1/public/amsfonts/cm/cmsy5.pfb></usr/local/texlive/2024basic/texmf-dist/fonts/type1/public/amsfonts/cm/cmsy7.pfb></usr/local/texlive/2024basic/texmf-dist/fonts/type1/public/amsfonts/cm/cmsy8.pfb></usr/local/texlive/2024basic/texmf-dist/fonts/type1/urw/courier/ucrr8a.pfb></usr/local/texlive/2024basic/texmf-dist/fonts/type1/urw/times/utmb8a.pfb></usr/local/texlive/2024basic/texmf-dist/fonts/type1/urw/times/utmbi8a.pfb></usr/local/texlive/2024basic/texmf-dist/fonts/type1/urw/times/utmr8a.pfb></usr/local/texlive/2024basic/texmf-dist/fonts/type1/urw/times/utmri8a.pfb>
Output written on main.pdf (6 pages, 219363 bytes).
PDF statistics:
 285 PDF objects out of 1000 (max. 8388607)
 181 compressed objects within 2 object streams
 35 named destinations out of 1000 (max. 500000)
 469 words of extra memory for PDF output out of 10000 (max. 10000000)

